<?xml version="1.0" encoding="utf-8"?><testsuites name="pytest tests"><testsuite name="pytest" errors="0" failures="0" skipped="0" tests="286" time="6.709" timestamp="2026-07-15T06:31:31.270143+09:00" hostname="DESKTOP-TT42EIT"><testcase classname="tests.test_vertical_text_stroke.VerticalTextStrokeTests" name="test_mixed_rich_fragments_use_their_own_selection_and_stroke_width" time="0.032" /><testcase classname="tests.test_vertical_text_stroke.VerticalTextStrokeTests" name="test_normal_vertical_fill_restores_rich_fragment_interiors" time="0.033" /><testcase classname="tests.test_vertical_text_stroke.VerticalTextStrokeTests" name="test_qt_grapheme_boundaries_cover_keycap_enclosing_and_zwj" time="0.007" /><testcase classname="tests.test_vertical_text_stroke.VerticalTextStrokeTests" name="test_utf16_lines_for_emoji_variation_selector_and_combining_mark" time="0.015" /><testcase classname="tests.test_vertical_text_stroke.VerticalTextStrokeTests" name="test_vertical_hit_test_never_returns_inside_a_grapheme" time="0.009" /><testcase classname="tests.test_vertical_text_stroke.VerticalTextStrokeTests" name="test_vertical_stroke_mask_excludes_underline_decoration" time="0.046" /><testcase classname="tests.test_text_transform_undo.SetTextTransformCommandTest" name="test_create_returns_none_when_normalized_values_match" time="0.001" /><testcase classname="tests.test_text_transform_undo.SetTextTransformCommandTest" name="test_multi_item_command_is_atomic_and_restores_only_transforms" time="0.001" /><testcase classname="tests.test_text_transform_undo.SetTextTransformCommandTest" name="test_normalized_noop_never_enters_stack_or_calls_item" time="0.001" /><testcase classname="tests.test_text_transform_undo.SetTextTransformCommandTest" name="test_rejects_mismatched_per_item_state" time="0.001" /><testcase classname="tests.test_text_transform_undo.SetTextTransformCommandTest" name="test_undo_then_new_transform_clears_redo_branch" time="0.001" /><testcase classname="tests.test_text_transform_undo.Utf16CodeUnitLengthTest" name="test_supplementary_characters_use_two_qt_positions" time="0.001" /><testcase classname="tests.test_text_transform_undo.ApplyFontformatCommandTest" name="test_compound_format_is_one_deterministic_command" time="0.172" /><testcase classname="tests.test_text_transform_undo.ApplyFontformatCommandTest" name="test_empty_documents_restore_exact_cursor_and_block_formats" time="0.021" /><testcase classname="tests.test_text_transform_undo.ApplyFontformatCommandTest" name="test_identical_gradient_target_is_noop_after_first_apply" time="0.009" /><testcase classname="tests.test_text_transform_undo.ApplyFontformatCommandTest" name="test_multi_item_whole_format_uses_one_stack_entry" time="0.028" /><testcase classname="tests.test_text_transform_undo.ApplyFontformatCommandTest" name="test_prior_text_edit_survives_whole_format_undo_redo_chain" time="0.077" /><testcase classname="tests.test_text_transform_undo.ApplyFontformatCommandTest" name="test_stale_empty_block_spacing_is_not_misclassified_as_noop" time="0.014" /><testcase classname="tests.test_text_transform_undo.ApplyFontformatCommandTest" name="test_stale_uniform_spacing_is_applied_then_becomes_noop" time="0.007" /><testcase classname="tests.test_text_transform_undo.ApplyFontformatCommandTest" name="test_uniform_noop_is_removed_from_undo_stack" time="0.005" /><testcase classname="tests.test_text_transform_ui.CommittedTransformControlTest" name="test_angle_uses_degree_format_and_finite_range" time="0.002" /><testcase classname="tests.test_text_transform_ui.CommittedTransformControlTest" name="test_drag_many_previews_has_one_release_and_zero_or_escape_cancels" time="0.001" /><testcase classname="tests.test_text_transform_ui.CommittedTransformControlTest" name="test_enter_and_focus_out_each_commit_once" time="0.004" /><testcase classname="tests.test_text_transform_ui.CommittedTransformControlTest" name="test_percentage_display_and_all_accepted_inputs" time="0.001" /><testcase classname="tests.test_text_transform_ui.CommittedTransformControlTest" name="test_typing_is_pending_escape_reverts_and_invalid_focus_out_does_not_commit" time="0.001" /><testcase classname="tests.test_text_transform_ui.TextAdvancedFormatPanelTransformTest" name="test_mixed_selection_and_precise_refresh_are_model_views_only" time="0.029" /><testcase classname="tests.test_text_transform_ui.TextAdvancedFormatPanelTransformTest" name="test_selection_boundary_commits_pending_value_before_refresh" time="0.004" /><testcase classname="tests.test_text_transform_shape_control.TextTransformShapeControlTests" name="test_corner_resize_keeps_opposite_scene_anchor_and_document" time="0.002" /><testcase classname="tests.test_text_transform_shape_control.TextTransformShapeControlTests" name="test_edge_resize_keeps_opposite_midpoint_fixed" time="0.002" /><testcase classname="tests.test_text_transform_shape_control.TextTransformShapeControlTests" name="test_exact_polygon_and_eight_device_stable_handles" time="0.005" /><testcase classname="tests.test_text_transform_shape_control.TextTransformShapeControlTests" name="test_legacy_move_and_rotation_refresh_calls_rebuild_polygon" time="0.003" /><testcase classname="tests.test_text_transform_shape_control.TextTransformShapeControlTests" name="test_live_rotation_preview_restores_canonical_angle" time="0.002" /><testcase classname="tests.test_text_transform_shape_control.TextTransformShapeControlTests" name="test_reshape_command_refreshes_exact_polygon_on_undo_and_redo" time="0.002" /><testcase classname="tests.test_text_transform_serialization.TextTransformSerializationTest" name="test_ambiguous_horizontal_only_v0_stretch_is_rejected" time="0.001" /><testcase classname="tests.test_text_transform_serialization.TextTransformSerializationTest" name="test_block_level_aliases_move_to_canonical_fontformat" time="0.001" /><testcase classname="tests.test_text_transform_serialization.TextTransformSerializationTest" name="test_canonical_output_removes_all_aliases_and_legacy_markers" time="0.001" /><testcase classname="tests.test_text_transform_serialization.TextTransformSerializationTest" name="test_canonical_v1_is_normalized_without_rewriting_html" time="0.001" /><testcase classname="tests.test_text_transform_serialization.TextTransformSerializationTest" name="test_canonicalized_effective_migration_is_idempotent" time="0.001" /><testcase classname="tests.test_text_transform_serialization.TextTransformSerializationTest" name="test_conflicting_known_aliases_are_invalid" time="0.001" /><testcase classname="tests.test_text_transform_serialization.TextTransformSerializationTest" name="test_duplicate_metadata_and_noninteger_ratios_are_rejected" time="0.001" /><testcase classname="tests.test_text_transform_serialization.TextTransformSerializationTest" name="test_exact_effective_v0_qt_html_restores_formatted_empty_paragraph" time="0.001" /><testcase classname="tests.test_text_transform_serialization.TextTransformSerializationTest" name="test_explicit_v0_marker_is_recovered_even_under_v1_root" time="0.001" /><testcase classname="tests.test_text_transform_serialization.TextTransformSerializationTest" name="test_explicit_v0_marker_is_resolved_per_block_in_either_order" time="0.002" /><testcase classname="tests.test_text_transform_serialization.TextTransformSerializationTest" name="test_failed_logical_marker_one_canonicalizes_aliases_only" time="0.001" /><testcase classname="tests.test_text_transform_serialization.TextTransformSerializationTest" name="test_finite_out_of_range_values_clamp_with_migration_warnings" time="0.001" /><testcase classname="tests.test_text_transform_serialization.TextTransformSerializationTest" name="test_future_block_marker_preflights_all_blocks_without_mutation" time="0.001" /><testcase classname="tests.test_text_transform_serialization.TextTransformSerializationTest" name="test_future_rejection_does_not_mutate_existing_project_state" time="0.001" /><testcase classname="tests.test_text_transform_serialization.TextTransformSerializationTest" name="test_future_root_version_rejects_without_input_mutation" time="0.001" /><testcase classname="tests.test_text_transform_serialization.TextTransformSerializationTest" name="test_json_boundary_preserves_state_and_original_future_version_cause" time="0.001" /><testcase classname="tests.test_text_transform_serialization.TextTransformSerializationTest" name="test_late_validation_failure_does_not_mutate_existing_project_state" time="0.001" /><testcase classname="tests.test_text_transform_serialization.TextTransformSerializationTest" name="test_missing_new_project_directory_does_not_mutate_existing_state" time="0.001" /><testcase classname="tests.test_text_transform_serialization.TextTransformSerializationTest" name="test_named_migration_fixture_matrix" time="0.003" /><testcase classname="tests.test_text_transform_serialization.TextTransformSerializationTest" name="test_non_neutral_empty_v0_requires_exact_effective_signature" time="0.002" /><testcase classname="tests.test_text_transform_serialization.TextTransformSerializationTest" name="test_nonnumeric_and_nonfinite_transform_values_are_rejected" time="0.003" /><testcase classname="tests.test_text_transform_serialization.TextTransformSerializationTest" name="test_nonnumeric_and_nonfinite_versions_are_rejected" time="0.001" /><testcase classname="tests.test_text_transform_serialization.TextTransformSerializationTest" name="test_old_upstream_payload_gets_neutral_defaults_without_html_changes" time="0.001" /><testcase classname="tests.test_text_transform_serialization.TextTransformSerializationTest" name="test_project_encoder_load_and_repeated_save_shape_are_canonical" time="0.002" /><testcase classname="tests.test_text_transform_serialization.TextTransformSerializationTest" name="test_stale_overlapping_and_invalid_empty_v0_metadata_are_rejected" time="0.004" /><testcase classname="tests.test_text_transform_serialization.TextTransformSerializationTest" name="test_textblock_deepcopy_keeps_one_independent_canonical_owner" time="0.001" /><testcase classname="tests.test_text_transform_rendering.TextTransformRenderingTests" name="test_direction_switch_preserves_rich_html_revision_and_selection_direction" time="0.004" /><testcase classname="tests.test_text_transform_rendering.TextTransformRenderingTests" name="test_effect_passes_use_the_attached_document_and_layout_without_mutation" time="0.017" /><testcase classname="tests.test_text_transform_rendering.TextTransformRenderingTests" name="test_effect_removal_shrinks_from_zero_and_keeps_outer_transform_separate" time="0.032" /><testcase classname="tests.test_text_transform_rendering.TextTransformRenderingTests" name="test_empty_formatted_document_has_no_effect_envelope" time="0.004" /><testcase classname="tests.test_text_transform_rendering.TextTransformRenderingTests" name="test_extreme_transform_rotation_has_alpha_and_resolution_parity" time="1.205" /><testcase classname="tests.test_text_transform_rendering.TextTransformRenderingTests" name="test_gradient_geometry_refreshes_after_logical_resize" time="0.003" /><testcase classname="tests.test_text_transform_rendering.TextTransformRenderingTests" name="test_normal_fill_restores_stroke_interiors" time="0.017" /><testcase classname="tests.test_text_transform_rendering.TextTransformRenderingTests" name="test_selection_and_ime_preedit_do_not_enter_effect_cache" time="0.015" /><testcase classname="tests.test_text_transform_rendering.TextTransformRenderingTests" name="test_transformed_effects_survive_opaque_nonediting_paint" time="0.074" /><testcase classname="tests.test_text_transform_rendering.TextTransformRenderingTests" name="test_vertical_effect_envelope_converges_with_clear_cache_borders" time="0.023" /><testcase classname="tests.test_text_transform_rendering.TextTransformRenderingTests" name="test_vertical_rich_text_stroke_covers_every_fragment" time="0.006" /><testcase classname="tests.test_text_transform_panel_integration.FontFormatPanelTransformIntegrationTest" name="test_escape_during_drag_rolls_preview_back_without_command" time="0.016" /><testcase classname="tests.test_text_transform_panel_integration.FontFormatPanelTransformIntegrationTest" name="test_global_drag_commits_canonical_value_without_item_command" time="0.008" /><testcase classname="tests.test_text_transform_panel_integration.FontFormatPanelTransformIntegrationTest" name="test_many_drag_moves_preview_then_release_one_command" time="0.014" /><testcase classname="tests.test_text_transform_panel_integration.FontFormatPanelTransformIntegrationTest" name="test_mixed_absolute_commit_sets_all_items_with_one_command" time="0.011" /><testcase classname="tests.test_text_transform_panel_integration.FontFormatPanelTransformIntegrationTest" name="test_noop_text_and_zero_drag_do_not_touch_item_or_undo" time="0.009" /><testcase classname="tests.test_text_transform_panel_integration.FontFormatPanelTransformIntegrationTest" name="test_outward_drag_at_canonical_limits_is_strict_noop" time="0.018" /><testcase classname="tests.test_text_transform_panel_integration.FontFormatPanelTransformIntegrationTest" name="test_refresh_rounding_never_overwrites_precise_canonical_value" time="0.009" /><testcase classname="tests.test_text_transform_panel_integration.FontFormatPanelTransformIntegrationTest" name="test_selected_numeric_commit_is_atomic_and_undoable" time="0.021" /><testcase classname="tests.test_text_transform_panel_integration.FontFormatPanelTransformIntegrationTest" name="test_selection_change_commits_pending_value_to_old_target" time="0.011" /><testcase classname="tests.test_text_transform_item.TextTransformItemTests" name="test_load_uses_unpadded_local_pivot_and_explicit_visual_geometry" time="0.002" /><testcase classname="tests.test_text_transform_item.TextTransformItemTests" name="test_manager_copy_paste_deep_copies_transform_and_command_keeps_it" time="0.005" /><testcase classname="tests.test_text_transform_item.TextTransformItemTests" name="test_preview_commit_and_noop_do_not_touch_document_geometry" time="0.002" /><testcase classname="tests.test_text_transform_item.TextTransformItemTests" name="test_rotation_is_separate_and_cache_tracks_visual_transform" time="0.002" /><testcase classname="tests.test_text_transform_geometry.TextTransformNormalizationTest" name="test_fontformat_uses_canonical_neutral_defaults" time="0.001" /><testcase classname="tests.test_text_transform_geometry.TextTransformNormalizationTest" name="test_normalization_canonicalizes_negative_zero" time="0.001" /><testcase classname="tests.test_text_transform_geometry.TextTransformNormalizationTest" name="test_normalization_clamps_and_uses_six_decimal_precision" time="0.001" /><testcase classname="tests.test_text_transform_geometry.TextTransformNormalizationTest" name="test_normalization_rejects_each_nonfinite_component" time="0.002" /><testcase classname="tests.test_text_transform_geometry.TextTransformMatrixTest" name="test_forward_inverse_round_trip_at_transform_extremes" time="0.002" /><testcase classname="tests.test_text_transform_geometry.TextTransformMatrixTest" name="test_identity_matrix_is_exactly_neutral" time="0.001" /><testcase classname="tests.test_text_transform_geometry.TextTransformMatrixTest" name="test_mapped_polygon_preserves_corner_order_and_shear" time="0.001" /><testcase classname="tests.test_text_transform_geometry.TextTransformMatrixTest" name="test_matrix_matches_direct_formula_and_keeps_pivot_fixed" time="0.002" /><testcase classname="tests.test_text_transform_editing.TextTransformEditingTest" name="test_cursor_local_scene_round_trip_uses_item_boundary" time="0.002" /><testcase classname="tests.test_text_transform_editing.TextTransformEditingTest" name="test_direction_switch_is_layout_only_and_preserves_selection_direction" time="0.003" /><testcase classname="tests.test_text_transform_editing.TextTransformEditingTest" name="test_ime_preedit_commit_and_cursor_query_survive_transform_update" time="0.002" /><testcase classname="tests.test_text_transform_editing.TextTransformEditingTest" name="test_preview_and_commit_preserve_cursor_html_revision_and_layout" time="0.002" /><testcase classname="tests.test_text_transform_editing.TextTransformEditingTest" name="test_utf16_edit_propagation_handles_emoji_variation_and_combining" time="0.003" /><testcase classname="tests.test_text_transform_acceptance_matrix.TextTransformAcceptanceMatrixTests" name="test_actual_canvas_export_matches_nonediting_and_ends_editing" time="0.060" /><testcase classname="tests.test_text_transform_acceptance_matrix.TextTransformAcceptanceMatrixTests" name="test_content_matrix_in_horizontal_and_vertical_layouts" time="0.048" /><testcase classname="tests.test_text_transform_acceptance_matrix.TextTransformAcceptanceMatrixTests" name="test_editing_and_nonediting_scene_renders_have_matching_ink" time="0.082" /><testcase classname="tests.test_text_transform_acceptance_matrix.TextTransformAcceptanceMatrixTests" name="test_effect_combinations_removal_and_extreme_transforms" time="3.346" /></testsuite></testsuites>