<?xml version="1.0" encoding="utf-8"?><testsuites name="pytest tests"><testsuite name="pytest" errors="0" failures="7" skipped="1" tests="174" time="2.557" timestamp="2026-07-15T06:32:17.833618+09:00" hostname="DESKTOP-TT42EIT"><testcase classname="tests.test_app_event_filters.AppEventFilterOrderingTest" name="test_color_picker_uses_window_parent_for_dialog" time="0.001" /><testcase classname="tests.test_app_event_filters.AppEventFilterOrderingTest" name="test_config_panel_ignores_non_widget_events_before_type" time="0.001" /><testcase classname="tests.test_app_event_filters.AppEventFilterOrderingTest" name="test_linux_frameless_window_ignores_non_mouse_events_before_type" time="0.001" /><testcase classname="tests.test_app_event_filters.AppEventFilterOrderingTest" name="test_linux_frameless_window_starts_resize_on_border_press" time="0.001" /><testcase classname="tests.test_app_event_filters.AppEventFilterOrderingTest" name="test_suggestion_popup_ignores_non_app_events_before_type" time="0.001" /><testcase classname="tests.test_app_event_filters.MenuStyleFilterTest" name="test_checked_marker_is_idempotent_and_tracks_uncheck" time="0.001" /><testcase classname="tests.test_app_event_filters.MenuStyleFilterTest" name="test_ignores_non_menu_before_reading_event" time="0.001" /><testcase classname="tests.test_app_event_filters.MenuStyleFilterTest" name="test_show_and_resize_apply_rounded_mask" time="0.001" /><testcase classname="tests.test_core_requirements.CoreRequirementsTests" name="test_broken_cv2_attr_is_reported" time="0.001" /><testcase classname="tests.test_core_requirements.CoreRequirementsTests" name="test_failed_core_install_raises_clear_error" time="0.002" /><testcase classname="tests.test_core_requirements.CoreRequirementsTests" name="test_healthy_core_imports_do_not_install" time="0.001" /><testcase classname="tests.test_core_requirements.CoreRequirementsTests" name="test_index_url_reaches_core_installer" time="0.087" /><testcase classname="tests.test_core_requirements.CoreRequirementsTests" name="test_missing_core_import_installs_once" time="0.002" /><testcase classname="tests.test_core_requirements.CoreRequirementsTests" name="test_missing_requirement_file_entry_installs_once" time="0.005" /><testcase classname="tests.test_core_requirements.CoreRequirementsTests" name="test_requirement_file_failure_installs_before_import_probes" time="0.002" /><testcase classname="tests.test_launch_restart.LaunchRestartTests" name="test_bundled_windows_runtime_disables_user_site" time="0.002" /><testcase classname="tests.test_launch_restart.LaunchRestartTests" name="test_config_alias_sets_config_path_argument" time="0.001" /><testcase classname="tests.test_launch_restart.LaunchRestartTests" name="test_core_requirements_env_uses_saved_pypi_mirror" time="0.003" /><testcase classname="tests.test_launch_restart.LaunchRestartTests" name="test_load_config_then_save_uses_custom_config_path" time="0.015" /><testcase classname="tests.test_launch_restart.LaunchRestartTests" name="test_non_bundled_windows_runtime_keeps_user_site" time="0.002" /><testcase classname="tests.test_launch_restart.LaunchRestartTests" name="test_resource_theme_fallback_copies_old_config_files" time="0.010" /><testcase classname="tests.test_launch_restart.LaunchRestartTests" name="test_resource_theme_fallback_does_not_overwrite_resources" time="0.004" /><testcase classname="tests.test_launch_restart.LaunchRestartTests" name="test_restart_closes_window_before_replacing_process" time="0.002" /><testcase classname="tests.test_launch_restart.LaunchRestartTests" name="test_restart_preserves_module_launch" time="0.002" /><testcase classname="tests.test_launch_restart.LaunchRestartTests" name="test_show_release_info_is_opt_in" time="0.001" /><testcase classname="tests.test_lazy_metadata.LazyMetadataTests" name="test_current_lazy_registry_metadata_is_complete" time="0.001"><failure message="AssertionError: Lists differ: ['windows_ocr: OCRWindows.params could not be evaluated lazily'] != []&#10;&#10;First list contains 1 additional elements.&#10;First extra element 0:&#10;'windows_ocr: OCRWindows.params could not be evaluated lazily'&#10;&#10;- ['windows_ocr: OCRWindows.params could not be evaluated lazily']&#10;+ []">self = &lt;test_lazy_metadata.LazyMetadataTests testMethod=test_current_lazy_registry_metadata_is_complete&gt;

    def test_current_lazy_registry_metadata_is_complete(self):
        from ballontranslator.modules import GET_VALID_TEXTDETECTORS, INPAINTERS, OCR, TEXTDETECTORS, TRANSLATORS
    
        registries = [TRANSLATORS, TEXTDETECTORS, OCR, INPAINTERS]
        specs = [registry.get_spec(key) for registry in registries for key in registry.module_dict]
    
&gt;       self.assertEqual(validate_lazy_module_specs([spec for spec in specs if spec is not None]), [])
E       AssertionError: Lists differ: ['windows_ocr: OCRWindows.params could not be evaluated lazily'] != []
E       
E       First list contains 1 additional elements.
E       First extra element 0:
E       'windows_ocr: OCRWindows.params could not be evaluated lazily'
E       
E       - ['windows_ocr: OCRWindows.params could not be evaluated lazily']
E       + []

tests\test_lazy_metadata.py:96: AssertionError</failure></testcase><testcase classname="tests.test_lazy_metadata.LazyMetadataTests" name="test_dynamic_selector_options_are_reported" time="0.003" /><testcase classname="tests.test_lazy_metadata.LazyMetadataTests" name="test_dynamic_translator_lang_map_is_reported" time="0.003" /><testcase classname="tests.test_lazy_metadata.LazyMetadataTests" name="test_safe_selector_helper_output_is_preserved" time="0.003"><failure message="AssertionError: Lists differ: ['dat[14 chars]a.pt', 'data/models/ysgyolo_yolo26_2.0.pt', 'd[32 chars].pt'] != ['dat[14 chars]a.pt']&#10;&#10;First list contains 2 additional elements.&#10;First extra element 1:&#10;'data/models/ysgyolo_yolo26_2.0.pt'&#10;&#10;- ['data/models/demo_a.pt',&#10;?                         ^&#10;&#10;+ ['data/models/demo_a.pt']&#10;?                         ^&#10;&#10;-  'data/models/ysgyolo_yolo26_2.0.pt',&#10;-  'data/models/ysgyolo_yolo26OBB_2.0.pt']">self = &lt;test_lazy_metadata.LazyMetadataTests testMethod=test_safe_selector_helper_output_is_preserved&gt;

        def test_safe_selector_helper_output_is_preserved(self):
            source = '''
    MODEL_DIR = "data/models"
    PREFIXES = ("demo",)
    
    @register_textdetectors("demo")
    class DemoDetector:
        params = {
            "model path": {
                "type": "selector",
                "options": find_model_paths(MODEL_DIR, PREFIXES),
                "value": "data/models/demo.pt",
                "editable": True,
            }
        }
    '''
            with mock.patch('ballontranslator.modules.lazy_registry.os.listdir', return_value=['demo_a.pt', 'other.pt']):
                specs = self.scan_source(source, 'textdetector')
    
&gt;           self.assertEqual(specs[0].params['model path']['options'], ['data/models/demo_a.pt'])
E           AssertionError: Lists differ: ['dat[14 chars]a.pt', 'data/models/ysgyolo_yolo26_2.0.pt', 'd[32 chars].pt'] != ['dat[14 chars]a.pt']
E           
E           First list contains 2 additional elements.
E           First extra element 1:
E           'data/models/ysgyolo_yolo26_2.0.pt'
E           
E           - ['data/models/demo_a.pt',
E           ?                         ^
E           
E           + ['data/models/demo_a.pt']
E           ?                         ^
E           
E           -  'data/models/ysgyolo_yolo26_2.0.pt',
E           -  'data/models/ysgyolo_yolo26OBB_2.0.pt']

tests\test_lazy_metadata.py:87: AssertionError</failure></testcase><testcase classname="tests.test_lazy_metadata.LazyMetadataTests" name="test_translator_lang_map_update_is_lazy_metadata" time="0.003" /><testcase classname="tests.test_llm_inpaint.LLMInpaintTest" name="test_authentication_error_becomes_required_key_error" time="0.013" /><testcase classname="tests.test_llm_inpaint.LLMInpaintTest" name="test_blank_image_base_url_requires_url" time="0.002" /><testcase classname="tests.test_llm_inpaint.LLMInpaintTest" name="test_blank_image_model_requires_model" time="0.002" /><testcase classname="tests.test_llm_inpaint.LLMInpaintTest" name="test_gemini_request_strips_openai_compat_suffix_from_base_url" time="0.003" /><testcase classname="tests.test_llm_inpaint.LLMInpaintTest" name="test_gemini_request_uses_generate_content_endpoint_and_x_goog_key" time="0.002" /><testcase classname="tests.test_llm_inpaint.LLMInpaintTest" name="test_gemini_response_decodes_inline_data_image" time="0.002" /><testcase classname="tests.test_llm_inpaint.LLMInpaintTest" name="test_gemini_response_decodes_steps_model_output_image" time="0.002" /><testcase classname="tests.test_llm_inpaint.LLMInpaintTest" name="test_image_enabled_profile_requires_model_options" time="0.002" /><testcase classname="tests.test_llm_inpaint.LLMInpaintTest" name="test_inpaint_by_block_defaults_true_and_updates_from_param" time="0.001" /><testcase classname="tests.test_llm_inpaint.LLMInpaintTest" name="test_inpaint_decodes_response_image" time="0.002" /><testcase classname="tests.test_llm_inpaint.LLMInpaintTest" name="test_max_resolution_defaults_and_scales_long_side" time="0.017" /><testcase classname="tests.test_llm_inpaint.LLMInpaintTest" name="test_missing_required_api_key_raises_profile_error" time="0.002" /><testcase classname="tests.test_llm_inpaint.LLMInpaintTest" name="test_openai_compatible_request_accepts_final_edit_endpoint" time="0.002" /><testcase classname="tests.test_llm_inpaint.LLMInpaintTest" name="test_openai_compatible_request_uses_image_base_url_not_text_base_url" time="0.002" /><testcase classname="tests.test_llm_inpaint.LLMInpaintTest" name="test_openrouter_request_accepts_final_images_endpoint" time="0.002" /><testcase classname="tests.test_llm_inpaint.LLMInpaintTest" name="test_prompt_contract_mentions_scanlation_cleanup" time="0.001" /><testcase classname="tests.test_llm_inpaint.LLMInpaintTest" name="test_request_args_use_image_model_and_no_mask" time="0.001" /><testcase classname="tests.test_llm_inpaint.LLMInpaintTest" name="test_request_sends_scaled_image_and_returns_original_size" time="0.021" /><testcase classname="tests.test_llm_inpaint.LLMInpaintTest" name="test_request_timeout_defaults_high_and_can_be_disabled" time="0.002" /><testcase classname="tests.test_llm_inpaint.LLMInpaintTest" name="test_status_error_extracts_provider_message" time="0.003" /><testcase classname="tests.test_llm_inpaint.LLMInpaintTest" name="test_zero_max_resolution_keeps_original_size" time="0.001" /><testcase classname="tests.test_llm_key_dialog.LLMKeyDialogDedupTest" name="test_missing_llm_base_url_dialog_emits_once_until_reset" time="0.001" /><testcase classname="tests.test_llm_key_dialog.LLMKeyDialogDedupTest" name="test_missing_llm_base_url_stops_inpaint_thread" time="0.001" /><testcase classname="tests.test_llm_key_dialog.LLMKeyDialogDedupTest" name="test_missing_llm_key_dialog_emits_once_until_reset" time="0.001" /><testcase classname="tests.test_llm_key_dialog.LLMKeyDialogDedupTest" name="test_missing_llm_key_stops_imgtrans_thread" time="0.001" /><testcase classname="tests.test_llm_key_dialog.LLMKeyDialogDedupTest" name="test_missing_llm_key_stops_inpaint_thread" time="0.001" /><testcase classname="tests.test_llm_key_dialog.LLMKeyDialogDedupTest" name="test_missing_llm_key_stops_ocr_block_pipeline" time="0.001" /><testcase classname="tests.test_llm_key_dialog.LLMKeyDialogDedupTest" name="test_missing_llm_model_dialog_emits_once_until_reset" time="0.000" /><testcase classname="tests.test_llm_key_dialog.LLMKeyDialogDedupTest" name="test_missing_llm_model_stops_imgtrans_thread" time="0.001" /><testcase classname="tests.test_llm_key_dialog.LLMKeyDialogDedupTest" name="test_missing_llm_model_stops_inpaint_thread" time="0.001" /><testcase classname="tests.test_llm_key_dialog.LLMKeyDialogDedupTest" name="test_missing_llm_model_stops_ocr_block_pipeline" time="0.001" /><testcase classname="tests.test_llm_key_dialog.LLMKeyDialogDedupTest" name="test_module_thread_fatal_llm_base_url_error_sets_pipeline_stop_event" time="0.001" /><testcase classname="tests.test_llm_key_dialog.LLMKeyDialogDedupTest" name="test_module_thread_fatal_llm_key_error_sets_pipeline_stop_event" time="0.000" /><testcase classname="tests.test_llm_key_dialog.LLMKeyDialogDedupTest" name="test_module_thread_fatal_llm_model_error_sets_pipeline_stop_event" time="0.001" /><testcase classname="tests.test_llm_key_dialog.LLMKeyDialogDedupTest" name="test_standalone_translate_page_clears_stale_pipeline_stop_event" time="0.001" /><testcase classname="tests.test_llm_ocr.LLMOCRTest" name="test_authentication_error_becomes_required_key_error" time="0.002" /><testcase classname="tests.test_llm_ocr.LLMOCRTest" name="test_blank_vision_model_requires_model" time="0.001" /><testcase classname="tests.test_llm_ocr.LLMOCRTest" name="test_language_agnostic_prompt_forbids_translation" time="0.002" /><testcase classname="tests.test_llm_ocr.LLMOCRTest" name="test_missing_required_api_key_raises_profile_error" time="0.001" /><testcase classname="tests.test_llm_ocr.LLMOCRTest" name="test_none_detail_omits_image_detail" time="0.001" /><testcase classname="tests.test_llm_ocr.LLMOCRTest" name="test_ocr_img_returns_raw_normalized_text" time="0.001" /><testcase classname="tests.test_llm_ocr.LLMOCRTest" name="test_request_args_use_vision_model_and_detail" time="0.001" /><testcase classname="tests.test_llm_ocr.LLMOCRTest" name="test_status_error_extracts_provider_message" time="0.002" /><testcase classname="tests.test_llm_ocr.LLMOCRTest" name="test_vision_enabled_profile_requires_model" time="0.002" /><testcase classname="tests.test_llm_profiles.LLMProfileMigrationTest" name="test_backup_config_loads_selected_old_llm_translator_as_deepseek_profile" time="0.001"><skipped type="pytest.skip" message="config/config-backup.json is not available in this checkout">F:\ballon\BallonsTranslator-baseline-6155f9b\tests\test_llm_profiles.py:163: config/config-backup.json is not available in this checkout</skipped></testcase><testcase classname="tests.test_llm_profiles.LLMProfileMigrationTest" name="test_imported_builtin_can_become_custom_without_exported_id" time="0.001" /><testcase classname="tests.test_llm_profiles.LLMProfileMigrationTest" name="test_lm_studio_builtin_uses_json_schema_response_format" time="0.001" /><testcase classname="tests.test_llm_profiles.LLMProfileMigrationTest" name="test_load_profiles_is_idempotent_and_preserves_builtin_fields" time="0.001" /><testcase classname="tests.test_llm_profiles.LLMProfileMigrationTest" name="test_load_profiles_leaves_custom_profiles_unchanged" time="0.001" /><testcase classname="tests.test_llm_profiles.LLMProfileMigrationTest" name="test_load_profiles_merges_builtin_option_lists_and_selections" time="0.001" /><testcase classname="tests.test_llm_profiles.LLMProfileMigrationTest" name="test_minimal_profile_import_uses_dataclass_defaults" time="0.001" /><testcase classname="tests.test_llm_profiles.LLMProfileMigrationTest" name="test_openai_builtin_includes_current_model_seed" time="0.001" /><testcase classname="tests.test_llm_profiles.LLMProfileMigrationTest" name="test_openrouter_builtin_enables_image_cleanup_profile" time="0.001" /><testcase classname="tests.test_llm_profiles.LLMProfileMigrationTest" name="test_plain_profile_defaults_are_provider_neutral" time="0.001" /><testcase classname="tests.test_llm_profiles.LLMProfileMigrationTest" name="test_profile_export_contains_plaintext_api_key_for_clipboard" time="0.001" /><testcase classname="tests.test_llm_profiles.LLMProfileMigrationTest" name="test_profile_export_marks_llm_type_and_roundtrips" time="0.001" /><testcase classname="tests.test_llm_profiles.LLMProfileMigrationTest" name="test_profile_import_accepts_single_and_mixed_lists" time="0.002" /><testcase classname="tests.test_llm_profiles.LLMProfileMigrationTest" name="test_profile_import_normalizes_invalid_and_unknown_fields" time="0.002" /><testcase classname="tests.test_llm_profiles.LLMProfileMigrationTest" name="test_profile_import_rejects_invalid_top_level_json" time="0.001" /><testcase classname="tests.test_llm_profiles.LLMProfileMigrationTest" name="test_profile_import_rejects_missing_or_wrong_profile_type" time="0.001" /><testcase classname="tests.test_llm_profiles.LLMProfileMigrationTest" name="test_program_config_load_merges_current_builtin_defaults" time="0.002"><failure message="PermissionError: [Errno 13] Permission denied: 'C:\\Users\\mingi\\AppData\\Local\\Temp\\tmphg0ga0mv'">self = &lt;test_llm_profiles.LLMProfileMigrationTest testMethod=test_program_config_load_merges_current_builtin_defaults&gt;

    def test_program_config_load_merges_current_builtin_defaults(self):
        profile = default_profile('OpenAI')
        profile.model_options = ['legacy-model']
        cfg = ProgramConfig(module=ModuleConfig(llm_profiles=[profile], translator_llm_id='openai'))
        raw = json.loads(json_dump_program_config(cfg))
        raw['module']['llm_profiles'][0]['model_options'] = ['legacy-model']
    
        with tempfile.NamedTemporaryFile('w+', encoding='utf8') as temp:
            json.dump(raw, temp)
            temp.flush()
&gt;           loaded = ProgramConfig.load(temp.name)

tests\test_llm_profiles.py:80: 
_ _ _ _ _ _ _ _ _ _ _ _ _ _ _ _ _ _ _ _ _ _ _ _ _ _ _ _ _ _ _ _ _ _ _ _ _ _ _ _

cfg_path = 'C:\\Users\\mingi\\AppData\\Local\\Temp\\tmphg0ga0mv'

    @staticmethod
    def load(cfg_path: str):
    
&gt;       with open(cfg_path, 'r', encoding='utf8') as f:
E       PermissionError: [Errno 13] Permission denied: 'C:\\Users\\mingi\\AppData\\Local\\Temp\\tmphg0ga0mv'

ballontranslator\utils\config.py:224: PermissionError</failure></testcase><testcase classname="tests.test_llm_profiles.LLMProfileMigrationTest" name="test_restore_builtins_keeps_filled_builtin_api_key" time="0.001" /><testcase classname="tests.test_llm_profiles.LLMProfileMigrationTest" name="test_restore_builtins_keeps_user_profiles" time="0.001" /><testcase classname="tests.test_llm_profiles.LLMProfileMigrationTest" name="test_vision_enabled_builtins_default_to_auto_detail" time="0.047"><failure message="AssertionError: 'gemini-flash-latest' != 'gemini-3.5-flash'&#10;- gemini-flash-latest&#10;+ gemini-3.5-flash">self = &lt;test_llm_profiles.LLMProfileMigrationTest testMethod=test_vision_enabled_builtins_default_to_auto_detail&gt;

    def test_vision_enabled_builtins_default_to_auto_detail(self):
        for provider in ['OpenAI', 'Gemini', 'OpenRouter', 'Ollama']:
            with self.subTest(provider=provider):
                profile = default_profile(provider)
    
                self.assertTrue(profile.support_text)
                self.assertTrue(profile.support_vision)
&gt;               self.assertEqual(profile.vision_model, profile.model)
E               AssertionError: 'gemini-flash-latest' != 'gemini-3.5-flash'
E               - gemini-flash-latest
E               + gemini-3.5-flash

tests\test_llm_profiles.py:248: AssertionError</failure></testcase><testcase classname="tests.test_llm_profiles.LLMProfileMigrationTest" name="test_vision_model_options_are_separate_from_text_model_options" time="0.001" /><testcase classname="tests.test_llm_profiles.SecretStoreTest" name="test_prepare_for_save_preserves_existing_obfuscated_value" time="0.001" /><testcase classname="tests.test_llm_profiles.SecretStoreTest" name="test_saved_config_keeps_obfuscated_secret_not_resolved_secret" time="0.001" /><testcase classname="tests.test_llm_profiles.SecretStoreTest" name="test_saved_config_obfuscates_plaintext_secret" time="0.001" /><testcase classname="tests.test_llm_profiles.SecretStoreTest" name="test_saved_config_roundtrips_inpaint_llm_profile_selection" time="0.002"><failure message="PermissionError: [Errno 13] Permission denied: 'C:\\Users\\mingi\\AppData\\Local\\Temp\\tmp28syugq7'">self = &lt;test_llm_profiles.SecretStoreTest testMethod=test_saved_config_roundtrips_inpaint_llm_profile_selection&gt;

    def test_saved_config_roundtrips_inpaint_llm_profile_selection(self):
        profile = default_profile('OpenRouter')
        profile.api_key = 'sk-demo'
        cfg = ProgramConfig(module=ModuleConfig(
            llm_profiles=[profile],
            translator_llm_id='openrouter',
            ocr_llm_id='openrouter',
            inpaint_llm_id='openrouter',
        ))
        saved = json_dump_program_config(cfg)
    
        with tempfile.NamedTemporaryFile('w+', encoding='utf8') as temp:
            temp.write(saved)
            temp.flush()
&gt;           loaded = ProgramConfig.load(temp.name)

tests\test_llm_profiles.py:384: 
_ _ _ _ _ _ _ _ _ _ _ _ _ _ _ _ _ _ _ _ _ _ _ _ _ _ _ _ _ _ _ _ _ _ _ _ _ _ _ _

cfg_path = 'C:\\Users\\mingi\\AppData\\Local\\Temp\\tmp28syugq7'

    @staticmethod
    def load(cfg_path: str):
    
&gt;       with open(cfg_path, 'r', encoding='utf8') as f:
E       PermissionError: [Errno 13] Permission denied: 'C:\\Users\\mingi\\AppData\\Local\\Temp\\tmp28syugq7'

ballontranslator\utils\config.py:224: PermissionError</failure></testcase><testcase classname="tests.test_llm_profiles.SecretStoreTest" name="test_saved_config_roundtrips_ocr_llm_profile_selection" time="0.002"><failure message="PermissionError: [Errno 13] Permission denied: 'C:\\Users\\mingi\\AppData\\Local\\Temp\\tmpjo6t9xpo'">self = &lt;test_llm_profiles.SecretStoreTest testMethod=test_saved_config_roundtrips_ocr_llm_profile_selection&gt;

    def test_saved_config_roundtrips_ocr_llm_profile_selection(self):
        profile = default_profile('OpenAI')
        profile.api_key = 'sk-demo'
        profile.support_text = False
        profile.vision_model = 'gpt-4o'
        profile.vision_model_options = ['gpt-4o', 'gpt-4o-mini']
        profile.vision_detail_level = 'high'
        cfg = ProgramConfig(module=ModuleConfig(
            llm_profiles=[profile],
            translator_llm_id='openai',
            ocr_llm_id='openai',
            inpaint_llm_id='openai',
        ))
        saved = json_dump_program_config(cfg)
    
        with tempfile.NamedTemporaryFile('w+', encoding='utf8') as temp:
            temp.write(saved)
            temp.flush()
&gt;           loaded = ProgramConfig.load(temp.name)

tests\test_llm_profiles.py:356: 
_ _ _ _ _ _ _ _ _ _ _ _ _ _ _ _ _ _ _ _ _ _ _ _ _ _ _ _ _ _ _ _ _ _ _ _ _ _ _ _

cfg_path = 'C:\\Users\\mingi\\AppData\\Local\\Temp\\tmpjo6t9xpo'

    @staticmethod
    def load(cfg_path: str):
    
&gt;       with open(cfg_path, 'r', encoding='utf8') as f:
E       PermissionError: [Errno 13] Permission denied: 'C:\\Users\\mingi\\AppData\\Local\\Temp\\tmpjo6t9xpo'

ballontranslator\utils\config.py:224: PermissionError</failure></testcase><testcase classname="tests.test_llm_profiles.SecretStoreTest" name="test_saved_config_serializes_profile_dataclass" time="0.001" /><testcase classname="tests.test_llm_profiles.SecretStoreTest" name="test_saved_profiles_roundtrip_without_provider" time="0.002"><failure message="PermissionError: [Errno 13] Permission denied: 'C:\\Users\\mingi\\AppData\\Local\\Temp\\tmp44f_5nux'">self = &lt;test_llm_profiles.SecretStoreTest testMethod=test_saved_profiles_roundtrip_without_provider&gt;

    def test_saved_profiles_roundtrip_without_provider(self):
        profile = default_profile('OpenAI')
        profile.api_key = 'sk-demo'
        cfg = ProgramConfig(module=ModuleConfig(llm_profiles=[profile], translator_llm_id='openai'))
        saved = json_dump_program_config(cfg)
    
        with tempfile.NamedTemporaryFile('w+', encoding='utf8') as temp:
            temp.write(saved)
            temp.flush()
&gt;           loaded = ProgramConfig.load(temp.name)

tests\test_llm_profiles.py:330: 
_ _ _ _ _ _ _ _ _ _ _ _ _ _ _ _ _ _ _ _ _ _ _ _ _ _ _ _ _ _ _ _ _ _ _ _ _ _ _ _

cfg_path = 'C:\\Users\\mingi\\AppData\\Local\\Temp\\tmp44f_5nux'

    @staticmethod
    def load(cfg_path: str):
    
&gt;       with open(cfg_path, 'r', encoding='utf8') as f:
E       PermissionError: [Errno 13] Permission denied: 'C:\\Users\\mingi\\AppData\\Local\\Temp\\tmp44f_5nux'

ballontranslator\utils\config.py:224: PermissionError</failure></testcase><testcase classname="tests.test_llm_profiles.SecretStoreTest" name="test_secret_store_obfuscates_plaintext_portably" time="0.001" /><testcase classname="tests.test_llm_translator.LLMTranslatorTest" name="test_authentication_error_becomes_required_key_error" time="0.001" /><testcase classname="tests.test_llm_translator.LLMTranslatorTest" name="test_json_prompt_wraps_profile_prompt_without_formatting_json_braces" time="0.001" /><testcase classname="tests.test_llm_translator.LLMTranslatorTest" name="test_json_response_parser_accepts_schema" time="0.001" /><testcase classname="tests.test_llm_translator.LLMTranslatorTest" name="test_json_schema_response_format_is_profile_controlled" time="0.001" /><testcase classname="tests.test_llm_translator.LLMTranslatorTest" name="test_missing_required_api_key_raises_profile_error" time="0.001" /><testcase classname="tests.test_llm_translator.LLMTranslatorTest" name="test_model_required_error_propagates_from_request_loop" time="0.002" /><testcase classname="tests.test_llm_translator.LLMTranslatorTest" name="test_runtime_settings_live_on_translator_params" time="0.001" /><testcase classname="tests.test_llm_translator.LLMTranslatorTest" name="test_status_error_extracts_provider_message" time="0.001" /><testcase classname="tests.test_llm_translator.LLMTranslatorTest" name="test_stop_event_interrupts_wait" time="0.001" /><testcase classname="tests.test_llm_translator.LLMTranslatorTest" name="test_text_disabled_profile_is_not_translator_usable" time="0.001" /><testcase classname="tests.test_llm_translator.LLMTranslatorTest" name="test_text_enabled_profile_requires_model" time="0.001" /><testcase classname="tests.test_llm_translator.LLMTranslatorTest" name="test_thinking_level_only_passed_when_not_none" time="0.001" /><testcase classname="tests.test_module_run_errors.ModuleRunErrorTest" name="test_ocr_accepts_new_text_only_after_success" time="0.001" /><testcase classname="tests.test_module_run_errors.ModuleRunErrorTest" name="test_ocr_preserves_llm_key_error_after_restoring_text" time="0.001" /><testcase classname="tests.test_module_run_errors.ModuleRunErrorTest" name="test_ocr_preserves_llm_model_error_after_restoring_text" time="0.001" /><testcase classname="tests.test_module_run_errors.ModuleRunErrorTest" name="test_ocr_restores_existing_text_after_failure" time="0.001" /><testcase classname="tests.test_module_run_errors.ModuleRunErrorTest" name="test_same_module_is_reloaded_through_prepare_thread" time="0.001" /><testcase classname="tests.test_module_run_errors.ModuleRunErrorTest" name="test_text_detector_wraps_runtime_failure" time="0.001" /><testcase classname="tests.test_module_run_errors.ModuleRunErrorTest" name="test_unloaded_same_module_is_not_ready" time="0.001" /><testcase classname="tests.test_network_mirrors.NetworkMirrorsTests" name="test_huggingface_download_rewrite_logs_mirror_use" time="0.001" /><testcase classname="tests.test_network_mirrors.NetworkMirrorsTests" name="test_huggingface_url_rewrite_is_origin_scoped" time="0.000" /><testcase classname="tests.test_network_mirrors.NetworkMirrorsTests" name="test_plain_dict_module_param_can_be_saved" time="0.001" /><testcase classname="tests.test_network_mirrors.NetworkMirrorsTests" name="test_pypi_mirror_env_injection" time="0.001" /><testcase classname="tests.test_network_mirrors.NetworkMirrorsTests" name="test_read_saved_pypi_mirror" time="0.003" /><testcase classname="tests.test_torch_install_helper.TorchInstallHelperTests" name="test_auto_detection_caches_preferred_device" time="0.001" /><testcase classname="tests.test_torch_install_helper.TorchInstallHelperTests" name="test_forced_cpu_keeps_plain_torch_install" time="0.001" /><testcase classname="tests.test_torch_install_helper.TorchInstallHelperTests" name="test_forced_cuda_uses_default_cuda_profile_without_probe_result" time="0.001" /><testcase classname="tests.test_torch_install_helper.TorchInstallHelperTests" name="test_forced_cuda_version_selects_matching_profile" time="0.001" /><testcase classname="tests.test_torch_install_helper.TorchInstallHelperTests" name="test_forced_xpu_uses_xpu_profile_without_probe_result" time="0.001" /><testcase classname="tests.test_torch_install_helper.TorchInstallHelperTests" name="test_nvidia_profile_takes_priority_over_xpu_profile" time="0.001" /><testcase classname="tests.test_torch_install_helper.TorchInstallHelperTests" name="test_package_manager_auto_uses_bundled_uv_for_non_torch_split" time="0.011" /><testcase classname="tests.test_torch_install_helper.TorchInstallHelperTests" name="test_package_manager_builds_split_xpu_install_commands" time="0.009" /><testcase classname="tests.test_torch_install_helper.TorchInstallHelperTests" name="test_package_manager_forced_cpu_builds_plain_install_command" time="0.008" /><testcase classname="tests.test_torch_install_helper.TorchInstallHelperTests" name="test_package_manager_forced_cuda_12_caps_onnxruntime_gpu" time="0.008" /><testcase classname="tests.test_torch_install_helper.TorchInstallHelperTests" name="test_package_manager_forced_cuda_version_builds_matching_command" time="0.008" /><testcase classname="tests.test_torch_install_helper.TorchInstallHelperTests" name="test_package_manager_rejects_versioned_onnxruntime_gpu_dependency" time="0.001" /><testcase classname="tests.test_torch_install_helper.TorchInstallHelperTests" name="test_package_manager_reports_original_onnxruntime_requirement_as_missing" time="0.001" /><testcase classname="tests.test_torch_install_helper.TorchInstallHelperTests" name="test_parse_xpu_smi_discovery_json" time="0.001" /><testcase classname="tests.test_torch_install_helper.TorchInstallHelperTests" name="test_parse_xpu_smi_discovery_text" time="0.000" /><testcase classname="tests.test_torch_install_helper.TorchInstallHelperTests" name="test_pinned_torch_requirement_does_not_route_to_xpu_index" time="0.001" /><testcase classname="tests.test_torch_install_helper.TorchInstallHelperTests" name="test_plain_unpinned_torch_requirement_detection" time="0.001" /><testcase classname="tests.test_torch_install_helper.TorchInstallHelperTests" name="test_xpu_discovery_routes_plain_torch_to_xpu_index" time="0.001" /><testcase classname="tests.test_torch_install_helper.TorchInstallHelperTests" name="test_xpu_profile_uses_official_index_with_aliyun_pypi_mirror" time="0.001" /><testcase classname="tests.test_update_dialog.UpdateReleaseDialogTests" name="test_dialog_uses_linked_version_and_markdown_notes" time="0.004" /><testcase classname="tests.test_update_dialog.UpdateReleaseDialogTests" name="test_formats_unordered_list_spacing" time="0.001" /><testcase classname="tests.test_update_dialog.UpdateReleaseDialogTests" name="test_localized_sections_are_boundaries_at_different_heading_levels" time="0.001" /><testcase classname="tests.test_update_dialog.UpdateReleaseDialogTests" name="test_preview_dialog_has_only_a_safe_close_action" time="0.001" /><testcase classname="tests.test_update_dialog.UpdateReleaseDialogTests" name="test_release_section_fallbacks_handle_missing_or_empty_content" time="0.001" /><testcase classname="tests.test_update_dialog.UpdateReleaseDialogTests" name="test_selects_localized_section_and_removes_headings" time="0.001" /><testcase classname="tests.test_update_dialog.UpdateReleaseDialogTests" name="test_strips_images_without_removing_release_markdown" time="0.001" /><testcase classname="tests.test_updater.UpdaterTests" name="test_apply_update_creates_backup_before_other_actions" time="0.003" /><testcase classname="tests.test_updater.UpdaterTests" name="test_backup_failure_stops_update_before_download" time="0.002" /><testcase classname="tests.test_updater.UpdaterTests" name="test_backup_source_replaces_last_version_snapshot" time="0.056" /><testcase classname="tests.test_updater.UpdaterTests" name="test_cached_release_preview_does_not_query_github" time="0.008" /><testcase classname="tests.test_updater.UpdaterTests" name="test_check_latest_release_does_not_apply_update" time="0.005" /><testcase classname="tests.test_updater.UpdaterTests" name="test_install_source_zip_deletes_removed_managed_directory_only" time="0.092" /><testcase classname="tests.test_updater.UpdaterTests" name="test_install_source_zip_ignores_cleanup_failure" time="0.113" /><testcase classname="tests.test_updater.UpdaterTests" name="test_install_source_zip_removes_downloaded_source_files" time="0.124" /><testcase classname="tests.test_updater.UpdaterTests" name="test_managed_payload_includes_builtin_profiles_and_launchers" time="0.001" /><testcase classname="tests.test_updater.UpdaterTests" name="test_pyproject_version_reader" time="0.004" /><testcase classname="tests.test_updater.UpdaterTests" name="test_release_payload_requires_source_zip" time="0.001" /><testcase classname="tests.test_updater.UpdaterTests" name="test_release_version_comparison_strips_tag_prefix" time="0.001" /><testcase classname="tests.test_updater.UpdaterTests" name="test_successful_github_query_caches_raw_response" time="0.007" /></testsuite></testsuites>