<?xml version="1.0" encoding="utf-8"?><testsuites name="pytest tests"><testsuite name="pytest" errors="0" failures="7" skipped="1" tests="460" time="8.405" timestamp="2026-07-15T06:32:01.576964+09:00" hostname="DESKTOP-TT42EIT"><testcase classname="tests.test_app_event_filters.AppEventFilterOrderingTest" name="test_color_picker_uses_window_parent_for_dialog" time="0.001" /><testcase classname="tests.test_app_event_filters.AppEventFilterOrderingTest" name="test_config_panel_ignores_non_widget_events_before_type" time="0.001" /><testcase classname="tests.test_app_event_filters.AppEventFilterOrderingTest" name="test_linux_frameless_window_ignores_non_mouse_events_before_type" time="0.001" /><testcase classname="tests.test_app_event_filters.AppEventFilterOrderingTest" name="test_linux_frameless_window_starts_resize_on_border_press" time="0.001" /><testcase classname="tests.test_app_event_filters.AppEventFilterOrderingTest" name="test_suggestion_popup_ignores_non_app_events_before_type" time="0.002" /><testcase classname="tests.test_app_event_filters.MenuStyleFilterTest" name="test_checked_marker_is_idempotent_and_tracks_uncheck" time="0.001" /><testcase classname="tests.test_app_event_filters.MenuStyleFilterTest" name="test_ignores_non_menu_before_reading_event" time="0.001" /><testcase classname="tests.test_app_event_filters.MenuStyleFilterTest" name="test_show_and_resize_apply_rounded_mask" time="0.001" /><testcase classname="tests.test_core_requirements.CoreRequirementsTests" name="test_broken_cv2_attr_is_reported" time="0.002" /><testcase classname="tests.test_core_requirements.CoreRequirementsTests" name="test_failed_core_install_raises_clear_error" time="0.001" /><testcase classname="tests.test_core_requirements.CoreRequirementsTests" name="test_healthy_core_imports_do_not_install" time="0.001" /><testcase classname="tests.test_core_requirements.CoreRequirementsTests" name="test_index_url_reaches_core_installer" time="0.071" /><testcase classname="tests.test_core_requirements.CoreRequirementsTests" name="test_missing_core_import_installs_once" time="0.002" /><testcase classname="tests.test_core_requirements.CoreRequirementsTests" name="test_missing_requirement_file_entry_installs_once" time="0.010" /><testcase classname="tests.test_core_requirements.CoreRequirementsTests" name="test_requirement_file_failure_installs_before_import_probes" time="0.002" /><testcase classname="tests.test_launch_restart.LaunchRestartTests" name="test_bundled_windows_runtime_disables_user_site" time="0.002" /><testcase classname="tests.test_launch_restart.LaunchRestartTests" name="test_config_alias_sets_config_path_argument" time="0.001" /><testcase classname="tests.test_launch_restart.LaunchRestartTests" name="test_core_requirements_env_uses_saved_pypi_mirror" time="0.003" /><testcase classname="tests.test_launch_restart.LaunchRestartTests" name="test_load_config_then_save_uses_custom_config_path" time="0.015" /><testcase classname="tests.test_launch_restart.LaunchRestartTests" name="test_non_bundled_windows_runtime_keeps_user_site" time="0.002" /><testcase classname="tests.test_launch_restart.LaunchRestartTests" name="test_resource_theme_fallback_copies_old_config_files" time="0.013" /><testcase classname="tests.test_launch_restart.LaunchRestartTests" name="test_resource_theme_fallback_does_not_overwrite_resources" time="0.006" /><testcase classname="tests.test_launch_restart.LaunchRestartTests" name="test_restart_closes_window_before_replacing_process" time="0.002" /><testcase classname="tests.test_launch_restart.LaunchRestartTests" name="test_restart_preserves_module_launch" time="0.002" /><testcase classname="tests.test_launch_restart.LaunchRestartTests" name="test_show_release_info_is_opt_in" time="0.001" /><testcase classname="tests.test_lazy_metadata.LazyMetadataTests" name="test_current_lazy_registry_metadata_is_complete" time="0.001"><failure message="AssertionError: Lists differ: ['windows_ocr: OCRWindows.params could not be evaluated lazily'] != []&#10;&#10;First list contains 1 additional elements.&#10;First extra element 0:&#10;'windows_ocr: OCRWindows.params could not be evaluated lazily'&#10;&#10;- ['windows_ocr: OCRWindows.params could not be evaluated lazily']&#10;+ []">self = &lt;test_lazy_metadata.LazyMetadataTests testMethod=test_current_lazy_registry_metadata_is_complete&gt;

    def test_current_lazy_registry_metadata_is_complete(self):
        from ballontranslator.modules import GET_VALID_TEXTDETECTORS, INPAINTERS, OCR, TEXTDETECTORS, TRANSLATORS
    
        registries = [TRANSLATORS, TEXTDETECTORS, OCR, INPAINTERS]
        specs = [registry.get_spec(key) for registry in registries for key in registry.module_dict]
    
&gt;       self.assertEqual(validate_lazy_module_specs([spec for spec in specs if spec is not None]), [])
E       AssertionError: Lists differ: ['windows_ocr: OCRWindows.params could not be evaluated lazily'] != []
E       
E       First list contains 1 additional elements.
E       First extra element 0:
E       'windows_ocr: OCRWindows.params could not be evaluated lazily'
E       
E       - ['windows_ocr: OCRWindows.params could not be evaluated lazily']
E       + []

tests\test_lazy_metadata.py:96: AssertionError</failure></testcase><testcase classname="tests.test_lazy_metadata.LazyMetadataTests" name="test_dynamic_selector_options_are_reported" time="0.011" /><testcase classname="tests.test_lazy_metadata.LazyMetadataTests" name="test_dynamic_translator_lang_map_is_reported" time="0.003" /><testcase classname="tests.test_lazy_metadata.LazyMetadataTests" name="test_safe_selector_helper_output_is_preserved" time="0.009"><failure message="AssertionError: Lists differ: ['dat[14 chars]a.pt', 'data/models/ysgyolo_yolo26_2.0.pt', 'd[32 chars].pt'] != ['dat[14 chars]a.pt']&#10;&#10;First list contains 2 additional elements.&#10;First extra element 1:&#10;'data/models/ysgyolo_yolo26_2.0.pt'&#10;&#10;- ['data/models/demo_a.pt',&#10;?                         ^&#10;&#10;+ ['data/models/demo_a.pt']&#10;?                         ^&#10;&#10;-  'data/models/ysgyolo_yolo26_2.0.pt',&#10;-  'data/models/ysgyolo_yolo26OBB_2.0.pt']">self = &lt;test_lazy_metadata.LazyMetadataTests testMethod=test_safe_selector_helper_output_is_preserved&gt;

        def test_safe_selector_helper_output_is_preserved(self):
            source = '''
    MODEL_DIR = "data/models"
    PREFIXES = ("demo",)
    
    @register_textdetectors("demo")
    class DemoDetector:
        params = {
            "model path": {
                "type": "selector",
                "options": find_model_paths(MODEL_DIR, PREFIXES),
                "value": "data/models/demo.pt",
                "editable": True,
            }
        }
    '''
            with mock.patch('ballontranslator.modules.lazy_registry.os.listdir', return_value=['demo_a.pt', 'other.pt']):
                specs = self.scan_source(source, 'textdetector')
    
&gt;           self.assertEqual(specs[0].params['model path']['options'], ['data/models/demo_a.pt'])
E           AssertionError: Lists differ: ['dat[14 chars]a.pt', 'data/models/ysgyolo_yolo26_2.0.pt', 'd[32 chars].pt'] != ['dat[14 chars]a.pt']
E           
E           First list contains 2 additional elements.
E           First extra element 1:
E           'data/models/ysgyolo_yolo26_2.0.pt'
E           
E           - ['data/models/demo_a.pt',
E           ?                         ^
E           
E           + ['data/models/demo_a.pt']
E           ?                         ^
E           
E           -  'data/models/ysgyolo_yolo26_2.0.pt',
E           -  'data/models/ysgyolo_yolo26OBB_2.0.pt']

tests\test_lazy_metadata.py:87: AssertionError</failure></testcase><testcase classname="tests.test_lazy_metadata.LazyMetadataTests" name="test_translator_lang_map_update_is_lazy_metadata" time="0.003" /><testcase classname="tests.test_llm_inpaint.LLMInpaintTest" name="test_authentication_error_becomes_required_key_error" time="0.014" /><testcase classname="tests.test_llm_inpaint.LLMInpaintTest" name="test_blank_image_base_url_requires_url" time="0.002" /><testcase classname="tests.test_llm_inpaint.LLMInpaintTest" name="test_blank_image_model_requires_model" time="0.001" /><testcase classname="tests.test_llm_inpaint.LLMInpaintTest" name="test_gemini_request_strips_openai_compat_suffix_from_base_url" time="0.002" /><testcase classname="tests.test_llm_inpaint.LLMInpaintTest" name="test_gemini_request_uses_generate_content_endpoint_and_x_goog_key" time="0.002" /><testcase classname="tests.test_llm_inpaint.LLMInpaintTest" name="test_gemini_response_decodes_inline_data_image" time="0.002" /><testcase classname="tests.test_llm_inpaint.LLMInpaintTest" name="test_gemini_response_decodes_steps_model_output_image" time="0.002" /><testcase classname="tests.test_llm_inpaint.LLMInpaintTest" name="test_image_enabled_profile_requires_model_options" time="0.002" /><testcase classname="tests.test_llm_inpaint.LLMInpaintTest" name="test_inpaint_by_block_defaults_true_and_updates_from_param" time="0.002" /><testcase classname="tests.test_llm_inpaint.LLMInpaintTest" name="test_inpaint_decodes_response_image" time="0.002" /><testcase classname="tests.test_llm_inpaint.LLMInpaintTest" name="test_max_resolution_defaults_and_scales_long_side" time="0.018" /><testcase classname="tests.test_llm_inpaint.LLMInpaintTest" name="test_missing_required_api_key_raises_profile_error" time="0.002" /><testcase classname="tests.test_llm_inpaint.LLMInpaintTest" name="test_openai_compatible_request_accepts_final_edit_endpoint" time="0.002" /><testcase classname="tests.test_llm_inpaint.LLMInpaintTest" name="test_openai_compatible_request_uses_image_base_url_not_text_base_url" time="0.002" /><testcase classname="tests.test_llm_inpaint.LLMInpaintTest" name="test_openrouter_request_accepts_final_images_endpoint" time="0.002" /><testcase classname="tests.test_llm_inpaint.LLMInpaintTest" name="test_prompt_contract_mentions_scanlation_cleanup" time="0.001" /><testcase classname="tests.test_llm_inpaint.LLMInpaintTest" name="test_request_args_use_image_model_and_no_mask" time="0.002" /><testcase classname="tests.test_llm_inpaint.LLMInpaintTest" name="test_request_sends_scaled_image_and_returns_original_size" time="0.023" /><testcase classname="tests.test_llm_inpaint.LLMInpaintTest" name="test_request_timeout_defaults_high_and_can_be_disabled" time="0.002" /><testcase classname="tests.test_llm_inpaint.LLMInpaintTest" name="test_status_error_extracts_provider_message" time="0.003" /><testcase classname="tests.test_llm_inpaint.LLMInpaintTest" name="test_zero_max_resolution_keeps_original_size" time="0.002" /><testcase classname="tests.test_llm_key_dialog.LLMKeyDialogDedupTest" name="test_missing_llm_base_url_dialog_emits_once_until_reset" time="0.001" /><testcase classname="tests.test_llm_key_dialog.LLMKeyDialogDedupTest" name="test_missing_llm_base_url_stops_inpaint_thread" time="0.001" /><testcase classname="tests.test_llm_key_dialog.LLMKeyDialogDedupTest" name="test_missing_llm_key_dialog_emits_once_until_reset" time="0.000" /><testcase classname="tests.test_llm_key_dialog.LLMKeyDialogDedupTest" name="test_missing_llm_key_stops_imgtrans_thread" time="0.001" /><testcase classname="tests.test_llm_key_dialog.LLMKeyDialogDedupTest" name="test_missing_llm_key_stops_inpaint_thread" time="0.001" /><testcase classname="tests.test_llm_key_dialog.LLMKeyDialogDedupTest" name="test_missing_llm_key_stops_ocr_block_pipeline" time="0.001" /><testcase classname="tests.test_llm_key_dialog.LLMKeyDialogDedupTest" name="test_missing_llm_model_dialog_emits_once_until_reset" time="0.000" /><testcase classname="tests.test_llm_key_dialog.LLMKeyDialogDedupTest" name="test_missing_llm_model_stops_imgtrans_thread" time="0.001" /><testcase classname="tests.test_llm_key_dialog.LLMKeyDialogDedupTest" name="test_missing_llm_model_stops_inpaint_thread" time="0.001" /><testcase classname="tests.test_llm_key_dialog.LLMKeyDialogDedupTest" name="test_missing_llm_model_stops_ocr_block_pipeline" time="0.001" /><testcase classname="tests.test_llm_key_dialog.LLMKeyDialogDedupTest" name="test_module_thread_fatal_llm_base_url_error_sets_pipeline_stop_event" time="0.001" /><testcase classname="tests.test_llm_key_dialog.LLMKeyDialogDedupTest" name="test_module_thread_fatal_llm_key_error_sets_pipeline_stop_event" time="0.001" /><testcase classname="tests.test_llm_key_dialog.LLMKeyDialogDedupTest" name="test_module_thread_fatal_llm_model_error_sets_pipeline_stop_event" time="0.001" /><testcase classname="tests.test_llm_key_dialog.LLMKeyDialogDedupTest" name="test_standalone_translate_page_clears_stale_pipeline_stop_event" time="0.001" /><testcase classname="tests.test_llm_ocr.LLMOCRTest" name="test_authentication_error_becomes_required_key_error" time="0.002" /><testcase classname="tests.test_llm_ocr.LLMOCRTest" name="test_blank_vision_model_requires_model" time="0.001" /><testcase classname="tests.test_llm_ocr.LLMOCRTest" name="test_language_agnostic_prompt_forbids_translation" time="0.001" /><testcase classname="tests.test_llm_ocr.LLMOCRTest" name="test_missing_required_api_key_raises_profile_error" time="0.001" /><testcase classname="tests.test_llm_ocr.LLMOCRTest" name="test_none_detail_omits_image_detail" time="0.001" /><testcase classname="tests.test_llm_ocr.LLMOCRTest" name="test_ocr_img_returns_raw_normalized_text" time="0.001" /><testcase classname="tests.test_llm_ocr.LLMOCRTest" name="test_request_args_use_vision_model_and_detail" time="0.002" /><testcase classname="tests.test_llm_ocr.LLMOCRTest" name="test_status_error_extracts_provider_message" time="0.002" /><testcase classname="tests.test_llm_ocr.LLMOCRTest" name="test_vision_enabled_profile_requires_model" time="0.001" /><testcase classname="tests.test_llm_profiles.LLMProfileMigrationTest" name="test_backup_config_loads_selected_old_llm_translator_as_deepseek_profile" time="0.001"><skipped type="pytest.skip" message="config/config-backup.json is not available in this checkout">F:\ballon\BallonsTranslator\tests\test_llm_profiles.py:163: config/config-backup.json is not available in this checkout</skipped></testcase><testcase classname="tests.test_llm_profiles.LLMProfileMigrationTest" name="test_imported_builtin_can_become_custom_without_exported_id" time="0.001" /><testcase classname="tests.test_llm_profiles.LLMProfileMigrationTest" name="test_lm_studio_builtin_uses_json_schema_response_format" time="0.001" /><testcase classname="tests.test_llm_profiles.LLMProfileMigrationTest" name="test_load_profiles_is_idempotent_and_preserves_builtin_fields" time="0.001" /><testcase classname="tests.test_llm_profiles.LLMProfileMigrationTest" name="test_load_profiles_leaves_custom_profiles_unchanged" time="0.001" /><testcase classname="tests.test_llm_profiles.LLMProfileMigrationTest" name="test_load_profiles_merges_builtin_option_lists_and_selections" time="0.001" /><testcase classname="tests.test_llm_profiles.LLMProfileMigrationTest" name="test_minimal_profile_import_uses_dataclass_defaults" time="0.001" /><testcase classname="tests.test_llm_profiles.LLMProfileMigrationTest" name="test_openai_builtin_includes_current_model_seed" time="0.001" /><testcase classname="tests.test_llm_profiles.LLMProfileMigrationTest" name="test_openrouter_builtin_enables_image_cleanup_profile" time="0.001" /><testcase classname="tests.test_llm_profiles.LLMProfileMigrationTest" name="test_plain_profile_defaults_are_provider_neutral" time="0.000" /><testcase classname="tests.test_llm_profiles.LLMProfileMigrationTest" name="test_profile_export_contains_plaintext_api_key_for_clipboard" time="0.001" /><testcase classname="tests.test_llm_profiles.LLMProfileMigrationTest" name="test_profile_export_marks_llm_type_and_roundtrips" time="0.001" /><testcase classname="tests.test_llm_profiles.LLMProfileMigrationTest" name="test_profile_import_accepts_single_and_mixed_lists" time="0.001" /><testcase classname="tests.test_llm_profiles.LLMProfileMigrationTest" name="test_profile_import_normalizes_invalid_and_unknown_fields" time="0.001" /><testcase classname="tests.test_llm_profiles.LLMProfileMigrationTest" name="test_profile_import_rejects_invalid_top_level_json" time="0.001" /><testcase classname="tests.test_llm_profiles.LLMProfileMigrationTest" name="test_profile_import_rejects_missing_or_wrong_profile_type" time="0.001" /><testcase classname="tests.test_llm_profiles.LLMProfileMigrationTest" name="test_program_config_load_merges_current_builtin_defaults" time="0.002"><failure message="PermissionError: [Errno 13] Permission denied: 'C:\\Users\\mingi\\AppData\\Local\\Temp\\tmpquo5styb'">self = &lt;test_llm_profiles.LLMProfileMigrationTest testMethod=test_program_config_load_merges_current_builtin_defaults&gt;

    def test_program_config_load_merges_current_builtin_defaults(self):
        profile = default_profile('OpenAI')
        profile.model_options = ['legacy-model']
        cfg = ProgramConfig(module=ModuleConfig(llm_profiles=[profile], translator_llm_id='openai'))
        raw = json.loads(json_dump_program_config(cfg))
        raw['module']['llm_profiles'][0]['model_options'] = ['legacy-model']
    
        with tempfile.NamedTemporaryFile('w+', encoding='utf8') as temp:
            json.dump(raw, temp)
            temp.flush()
&gt;           loaded = ProgramConfig.load(temp.name)

tests\test_llm_profiles.py:80: 
_ _ _ _ _ _ _ _ _ _ _ _ _ _ _ _ _ _ _ _ _ _ _ _ _ _ _ _ _ _ _ _ _ _ _ _ _ _ _ _

cfg_path = 'C:\\Users\\mingi\\AppData\\Local\\Temp\\tmpquo5styb'

    @staticmethod
    def load(cfg_path: str):
    
&gt;       with open(cfg_path, 'r', encoding='utf8') as f:
E       PermissionError: [Errno 13] Permission denied: 'C:\\Users\\mingi\\AppData\\Local\\Temp\\tmpquo5styb'

ballontranslator\utils\config.py:224: PermissionError</failure></testcase><testcase classname="tests.test_llm_profiles.LLMProfileMigrationTest" name="test_restore_builtins_keeps_filled_builtin_api_key" time="0.001" /><testcase classname="tests.test_llm_profiles.LLMProfileMigrationTest" name="test_restore_builtins_keeps_user_profiles" time="0.001" /><testcase classname="tests.test_llm_profiles.LLMProfileMigrationTest" name="test_vision_enabled_builtins_default_to_auto_detail" time="0.010"><failure message="AssertionError: 'gemini-flash-latest' != 'gemini-3.5-flash'&#10;- gemini-flash-latest&#10;+ gemini-3.5-flash">self = &lt;test_llm_profiles.LLMProfileMigrationTest testMethod=test_vision_enabled_builtins_default_to_auto_detail&gt;

    def test_vision_enabled_builtins_default_to_auto_detail(self):
        for provider in ['OpenAI', 'Gemini', 'OpenRouter', 'Ollama']:
            with self.subTest(provider=provider):
                profile = default_profile(provider)
    
                self.assertTrue(profile.support_text)
                self.assertTrue(profile.support_vision)
&gt;               self.assertEqual(profile.vision_model, profile.model)
E               AssertionError: 'gemini-flash-latest' != 'gemini-3.5-flash'
E               - gemini-flash-latest
E               + gemini-3.5-flash

tests\test_llm_profiles.py:248: AssertionError</failure></testcase><testcase classname="tests.test_llm_profiles.LLMProfileMigrationTest" name="test_vision_model_options_are_separate_from_text_model_options" time="0.001" /><testcase classname="tests.test_llm_profiles.SecretStoreTest" name="test_prepare_for_save_preserves_existing_obfuscated_value" time="0.001" /><testcase classname="tests.test_llm_profiles.SecretStoreTest" name="test_saved_config_keeps_obfuscated_secret_not_resolved_secret" time="0.001" /><testcase classname="tests.test_llm_profiles.SecretStoreTest" name="test_saved_config_obfuscates_plaintext_secret" time="0.001" /><testcase classname="tests.test_llm_profiles.SecretStoreTest" name="test_saved_config_roundtrips_inpaint_llm_profile_selection" time="0.002"><failure message="PermissionError: [Errno 13] Permission denied: 'C:\\Users\\mingi\\AppData\\Local\\Temp\\tmpw8ilcbh6'">self = &lt;test_llm_profiles.SecretStoreTest testMethod=test_saved_config_roundtrips_inpaint_llm_profile_selection&gt;

    def test_saved_config_roundtrips_inpaint_llm_profile_selection(self):
        profile = default_profile('OpenRouter')
        profile.api_key = 'sk-demo'
        cfg = ProgramConfig(module=ModuleConfig(
            llm_profiles=[profile],
            translator_llm_id='openrouter',
            ocr_llm_id='openrouter',
            inpaint_llm_id='openrouter',
        ))
        saved = json_dump_program_config(cfg)
    
        with tempfile.NamedTemporaryFile('w+', encoding='utf8') as temp:
            temp.write(saved)
            temp.flush()
&gt;           loaded = ProgramConfig.load(temp.name)

tests\test_llm_profiles.py:384: 
_ _ _ _ _ _ _ _ _ _ _ _ _ _ _ _ _ _ _ _ _ _ _ _ _ _ _ _ _ _ _ _ _ _ _ _ _ _ _ _

cfg_path = 'C:\\Users\\mingi\\AppData\\Local\\Temp\\tmpw8ilcbh6'

    @staticmethod
    def load(cfg_path: str):
    
&gt;       with open(cfg_path, 'r', encoding='utf8') as f:
E       PermissionError: [Errno 13] Permission denied: 'C:\\Users\\mingi\\AppData\\Local\\Temp\\tmpw8ilcbh6'

ballontranslator\utils\config.py:224: PermissionError</failure></testcase><testcase classname="tests.test_llm_profiles.SecretStoreTest" name="test_saved_config_roundtrips_ocr_llm_profile_selection" time="0.002"><failure message="PermissionError: [Errno 13] Permission denied: 'C:\\Users\\mingi\\AppData\\Local\\Temp\\tmp2zzjeq_y'">self = &lt;test_llm_profiles.SecretStoreTest testMethod=test_saved_config_roundtrips_ocr_llm_profile_selection&gt;

    def test_saved_config_roundtrips_ocr_llm_profile_selection(self):
        profile = default_profile('OpenAI')
        profile.api_key = 'sk-demo'
        profile.support_text = False
        profile.vision_model = 'gpt-4o'
        profile.vision_model_options = ['gpt-4o', 'gpt-4o-mini']
        profile.vision_detail_level = 'high'
        cfg = ProgramConfig(module=ModuleConfig(
            llm_profiles=[profile],
            translator_llm_id='openai',
            ocr_llm_id='openai',
            inpaint_llm_id='openai',
        ))
        saved = json_dump_program_config(cfg)
    
        with tempfile.NamedTemporaryFile('w+', encoding='utf8') as temp:
            temp.write(saved)
            temp.flush()
&gt;           loaded = ProgramConfig.load(temp.name)

tests\test_llm_profiles.py:356: 
_ _ _ _ _ _ _ _ _ _ _ _ _ _ _ _ _ _ _ _ _ _ _ _ _ _ _ _ _ _ _ _ _ _ _ _ _ _ _ _

cfg_path = 'C:\\Users\\mingi\\AppData\\Local\\Temp\\tmp2zzjeq_y'

    @staticmethod
    def load(cfg_path: str):
    
&gt;       with open(cfg_path, 'r', encoding='utf8') as f:
E       PermissionError: [Errno 13] Permission denied: 'C:\\Users\\mingi\\AppData\\Local\\Temp\\tmp2zzjeq_y'

ballontranslator\utils\config.py:224: PermissionError</failure></testcase><testcase classname="tests.test_llm_profiles.SecretStoreTest" name="test_saved_config_serializes_profile_dataclass" time="0.001" /><testcase classname="tests.test_llm_profiles.SecretStoreTest" name="test_saved_profiles_roundtrip_without_provider" time="0.002"><failure message="PermissionError: [Errno 13] Permission denied: 'C:\\Users\\mingi\\AppData\\Local\\Temp\\tmp8jnwekpg'">self = &lt;test_llm_profiles.SecretStoreTest testMethod=test_saved_profiles_roundtrip_without_provider&gt;

    def test_saved_profiles_roundtrip_without_provider(self):
        profile = default_profile('OpenAI')
        profile.api_key = 'sk-demo'
        cfg = ProgramConfig(module=ModuleConfig(llm_profiles=[profile], translator_llm_id='openai'))
        saved = json_dump_program_config(cfg)
    
        with tempfile.NamedTemporaryFile('w+', encoding='utf8') as temp:
            temp.write(saved)
            temp.flush()
&gt;           loaded = ProgramConfig.load(temp.name)

tests\test_llm_profiles.py:330: 
_ _ _ _ _ _ _ _ _ _ _ _ _ _ _ _ _ _ _ _ _ _ _ _ _ _ _ _ _ _ _ _ _ _ _ _ _ _ _ _

cfg_path = 'C:\\Users\\mingi\\AppData\\Local\\Temp\\tmp8jnwekpg'

    @staticmethod
    def load(cfg_path: str):
    
&gt;       with open(cfg_path, 'r', encoding='utf8') as f:
E       PermissionError: [Errno 13] Permission denied: 'C:\\Users\\mingi\\AppData\\Local\\Temp\\tmp8jnwekpg'

ballontranslator\utils\config.py:224: PermissionError</failure></testcase><testcase classname="tests.test_llm_profiles.SecretStoreTest" name="test_secret_store_obfuscates_plaintext_portably" time="0.001" /><testcase classname="tests.test_llm_translator.LLMTranslatorTest" name="test_authentication_error_becomes_required_key_error" time="0.001" /><testcase classname="tests.test_llm_translator.LLMTranslatorTest" name="test_json_prompt_wraps_profile_prompt_without_formatting_json_braces" time="0.001" /><testcase classname="tests.test_llm_translator.LLMTranslatorTest" name="test_json_response_parser_accepts_schema" time="0.001" /><testcase classname="tests.test_llm_translator.LLMTranslatorTest" name="test_json_schema_response_format_is_profile_controlled" time="0.001" /><testcase classname="tests.test_llm_translator.LLMTranslatorTest" name="test_missing_required_api_key_raises_profile_error" time="0.001" /><testcase classname="tests.test_llm_translator.LLMTranslatorTest" name="test_model_required_error_propagates_from_request_loop" time="0.001" /><testcase classname="tests.test_llm_translator.LLMTranslatorTest" name="test_runtime_settings_live_on_translator_params" time="0.001" /><testcase classname="tests.test_llm_translator.LLMTranslatorTest" name="test_status_error_extracts_provider_message" time="0.001" /><testcase classname="tests.test_llm_translator.LLMTranslatorTest" name="test_stop_event_interrupts_wait" time="0.001" /><testcase classname="tests.test_llm_translator.LLMTranslatorTest" name="test_text_disabled_profile_is_not_translator_usable" time="0.001" /><testcase classname="tests.test_llm_translator.LLMTranslatorTest" name="test_text_enabled_profile_requires_model" time="0.001" /><testcase classname="tests.test_llm_translator.LLMTranslatorTest" name="test_thinking_level_only_passed_when_not_none" time="0.001" /><testcase classname="tests.test_module_run_errors.ModuleRunErrorTest" name="test_ocr_accepts_new_text_only_after_success" time="0.001" /><testcase classname="tests.test_module_run_errors.ModuleRunErrorTest" name="test_ocr_preserves_llm_key_error_after_restoring_text" time="0.001" /><testcase classname="tests.test_module_run_errors.ModuleRunErrorTest" name="test_ocr_preserves_llm_model_error_after_restoring_text" time="0.001" /><testcase classname="tests.test_module_run_errors.ModuleRunErrorTest" name="test_ocr_restores_existing_text_after_failure" time="0.001" /><testcase classname="tests.test_module_run_errors.ModuleRunErrorTest" name="test_same_module_is_reloaded_through_prepare_thread" time="0.001" /><testcase classname="tests.test_module_run_errors.ModuleRunErrorTest" name="test_text_detector_wraps_runtime_failure" time="0.001" /><testcase classname="tests.test_module_run_errors.ModuleRunErrorTest" name="test_unloaded_same_module_is_not_ready" time="0.001" /><testcase classname="tests.test_network_mirrors.NetworkMirrorsTests" name="test_huggingface_download_rewrite_logs_mirror_use" time="0.001" /><testcase classname="tests.test_network_mirrors.NetworkMirrorsTests" name="test_huggingface_url_rewrite_is_origin_scoped" time="0.000" /><testcase classname="tests.test_network_mirrors.NetworkMirrorsTests" name="test_plain_dict_module_param_can_be_saved" time="0.001" /><testcase classname="tests.test_network_mirrors.NetworkMirrorsTests" name="test_pypi_mirror_env_injection" time="0.000" /><testcase classname="tests.test_network_mirrors.NetworkMirrorsTests" name="test_read_saved_pypi_mirror" time="0.003" /><testcase classname="tests.test_text_transform_acceptance_matrix.TextTransformAcceptanceMatrixTests" name="test_actual_canvas_export_matches_nonediting_and_ends_editing" time="0.064" /><testcase classname="tests.test_text_transform_acceptance_matrix.TextTransformAcceptanceMatrixTests" name="test_content_matrix_in_horizontal_and_vertical_layouts" time="0.053" /><testcase classname="tests.test_text_transform_acceptance_matrix.TextTransformAcceptanceMatrixTests" name="test_editing_and_nonediting_scene_renders_have_matching_ink" time="0.082" /><testcase classname="tests.test_text_transform_acceptance_matrix.TextTransformAcceptanceMatrixTests" name="test_effect_combinations_removal_and_extreme_transforms" time="3.484" /><testcase classname="tests.test_text_transform_editing.TextTransformEditingTest" name="test_cursor_local_scene_round_trip_uses_item_boundary" time="0.002" /><testcase classname="tests.test_text_transform_editing.TextTransformEditingTest" name="test_direction_switch_is_layout_only_and_preserves_selection_direction" time="0.004" /><testcase classname="tests.test_text_transform_editing.TextTransformEditingTest" name="test_ime_preedit_commit_and_cursor_query_survive_transform_update" time="0.002" /><testcase classname="tests.test_text_transform_editing.TextTransformEditingTest" name="test_preview_and_commit_preserve_cursor_html_revision_and_layout" time="0.003" /><testcase classname="tests.test_text_transform_editing.TextTransformEditingTest" name="test_utf16_edit_propagation_handles_emoji_variation_and_combining" time="0.004" /><testcase classname="tests.test_text_transform_geometry.TextTransformNormalizationTest" name="test_fontformat_uses_canonical_neutral_defaults" time="0.001" /><testcase classname="tests.test_text_transform_geometry.TextTransformNormalizationTest" name="test_normalization_canonicalizes_negative_zero" time="0.001" /><testcase classname="tests.test_text_transform_geometry.TextTransformNormalizationTest" name="test_normalization_clamps_and_uses_six_decimal_precision" time="0.001" /><testcase classname="tests.test_text_transform_geometry.TextTransformNormalizationTest" name="test_normalization_rejects_each_nonfinite_component" time="0.002" /><testcase classname="tests.test_text_transform_geometry.TextTransformMatrixTest" name="test_forward_inverse_round_trip_at_transform_extremes" time="0.002" /><testcase classname="tests.test_text_transform_geometry.TextTransformMatrixTest" name="test_identity_matrix_is_exactly_neutral" time="0.001" /><testcase classname="tests.test_text_transform_geometry.TextTransformMatrixTest" name="test_mapped_polygon_preserves_corner_order_and_shear" time="0.001" /><testcase classname="tests.test_text_transform_geometry.TextTransformMatrixTest" name="test_matrix_matches_direct_formula_and_keeps_pivot_fixed" time="0.003" /><testcase classname="tests.test_text_transform_item.TextTransformItemTests" name="test_load_uses_unpadded_local_pivot_and_explicit_visual_geometry" time="0.002" /><testcase classname="tests.test_text_transform_item.TextTransformItemTests" name="test_manager_copy_paste_deep_copies_transform_and_command_keeps_it" time="0.003" /><testcase classname="tests.test_text_transform_item.TextTransformItemTests" name="test_preview_commit_and_noop_do_not_touch_document_geometry" time="0.002" /><testcase classname="tests.test_text_transform_item.TextTransformItemTests" name="test_rotation_is_separate_and_cache_tracks_visual_transform" time="0.002" /><testcase classname="tests.test_text_transform_panel_integration.FontFormatPanelTransformIntegrationTest" name="test_escape_during_drag_rolls_preview_back_without_command" time="0.044" /><testcase classname="tests.test_text_transform_panel_integration.FontFormatPanelTransformIntegrationTest" name="test_global_drag_commits_canonical_value_without_item_command" time="0.011" /><testcase classname="tests.test_text_transform_panel_integration.FontFormatPanelTransformIntegrationTest" name="test_many_drag_moves_preview_then_release_one_command" time="0.013" /><testcase classname="tests.test_text_transform_panel_integration.FontFormatPanelTransformIntegrationTest" name="test_mixed_absolute_commit_sets_all_items_with_one_command" time="0.011" /><testcase classname="tests.test_text_transform_panel_integration.FontFormatPanelTransformIntegrationTest" name="test_noop_text_and_zero_drag_do_not_touch_item_or_undo" time="0.015" /><testcase classname="tests.test_text_transform_panel_integration.FontFormatPanelTransformIntegrationTest" name="test_outward_drag_at_canonical_limits_is_strict_noop" time="0.017" /><testcase classname="tests.test_text_transform_panel_integration.FontFormatPanelTransformIntegrationTest" name="test_refresh_rounding_never_overwrites_precise_canonical_value" time="0.012" /><testcase classname="tests.test_text_transform_panel_integration.FontFormatPanelTransformIntegrationTest" name="test_selected_numeric_commit_is_atomic_and_undoable" time="0.011" /><testcase classname="tests.test_text_transform_panel_integration.FontFormatPanelTransformIntegrationTest" name="test_selection_change_commits_pending_value_to_old_target" time="0.014" /><testcase classname="tests.test_text_transform_rendering.TextTransformRenderingTests" name="test_direction_switch_preserves_rich_html_revision_and_selection_direction" time="0.004" /><testcase classname="tests.test_text_transform_rendering.TextTransformRenderingTests" name="test_effect_passes_use_the_attached_document_and_layout_without_mutation" time="0.017" /><testcase classname="tests.test_text_transform_rendering.TextTransformRenderingTests" name="test_effect_removal_shrinks_from_zero_and_keeps_outer_transform_separate" time="0.030" /><testcase classname="tests.test_text_transform_rendering.TextTransformRenderingTests" name="test_empty_formatted_document_has_no_effect_envelope" time="0.005" /><testcase classname="tests.test_text_transform_rendering.TextTransformRenderingTests" name="test_extreme_transform_rotation_has_alpha_and_resolution_parity" time="1.197" /><testcase classname="tests.test_text_transform_rendering.TextTransformRenderingTests" name="test_gradient_geometry_refreshes_after_logical_resize" time="0.004" /><testcase classname="tests.test_text_transform_rendering.TextTransformRenderingTests" name="test_normal_fill_restores_stroke_interiors" time="0.015" /><testcase classname="tests.test_text_transform_rendering.TextTransformRenderingTests" name="test_selection_and_ime_preedit_do_not_enter_effect_cache" time="0.023" /><testcase classname="tests.test_text_transform_rendering.TextTransformRenderingTests" name="test_transformed_effects_survive_opaque_nonediting_paint" time="0.064" /><testcase classname="tests.test_text_transform_rendering.TextTransformRenderingTests" name="test_vertical_effect_envelope_converges_with_clear_cache_borders" time="0.024" /><testcase classname="tests.test_text_transform_rendering.TextTransformRenderingTests" name="test_vertical_rich_text_stroke_covers_every_fragment" time="0.006" /><testcase classname="tests.test_text_transform_serialization.TextTransformSerializationTest" name="test_ambiguous_horizontal_only_v0_stretch_is_rejected" time="0.001" /><testcase classname="tests.test_text_transform_serialization.TextTransformSerializationTest" name="test_block_level_aliases_move_to_canonical_fontformat" time="0.001" /><testcase classname="tests.test_text_transform_serialization.TextTransformSerializationTest" name="test_canonical_output_removes_all_aliases_and_legacy_markers" time="0.001" /><testcase classname="tests.test_text_transform_serialization.TextTransformSerializationTest" name="test_canonical_v1_is_normalized_without_rewriting_html" time="0.001" /><testcase classname="tests.test_text_transform_serialization.TextTransformSerializationTest" name="test_canonicalized_effective_migration_is_idempotent" time="0.001" /><testcase classname="tests.test_text_transform_serialization.TextTransformSerializationTest" name="test_conflicting_known_aliases_are_invalid" time="0.001" /><testcase classname="tests.test_text_transform_serialization.TextTransformSerializationTest" name="test_duplicate_metadata_and_noninteger_ratios_are_rejected" time="0.001" /><testcase classname="tests.test_text_transform_serialization.TextTransformSerializationTest" name="test_exact_effective_v0_qt_html_restores_formatted_empty_paragraph" time="0.001" /><testcase classname="tests.test_text_transform_serialization.TextTransformSerializationTest" name="test_explicit_v0_marker_is_recovered_even_under_v1_root" time="0.001" /><testcase classname="tests.test_text_transform_serialization.TextTransformSerializationTest" name="test_explicit_v0_marker_is_resolved_per_block_in_either_order" time="0.002" /><testcase classname="tests.test_text_transform_serialization.TextTransformSerializationTest" name="test_failed_logical_marker_one_canonicalizes_aliases_only" time="0.001" /><testcase classname="tests.test_text_transform_serialization.TextTransformSerializationTest" name="test_finite_out_of_range_values_clamp_with_migration_warnings" time="0.001" /><testcase classname="tests.test_text_transform_serialization.TextTransformSerializationTest" name="test_future_block_marker_preflights_all_blocks_without_mutation" time="0.001" /><testcase classname="tests.test_text_transform_serialization.TextTransformSerializationTest" name="test_future_rejection_does_not_mutate_existing_project_state" time="0.001" /><testcase classname="tests.test_text_transform_serialization.TextTransformSerializationTest" name="test_future_root_version_rejects_without_input_mutation" time="0.001" /><testcase classname="tests.test_text_transform_serialization.TextTransformSerializationTest" name="test_json_boundary_preserves_state_and_original_future_version_cause" time="0.001" /><testcase classname="tests.test_text_transform_serialization.TextTransformSerializationTest" name="test_late_validation_failure_does_not_mutate_existing_project_state" time="0.001" /><testcase classname="tests.test_text_transform_serialization.TextTransformSerializationTest" name="test_missing_new_project_directory_does_not_mutate_existing_state" time="0.001" /><testcase classname="tests.test_text_transform_serialization.TextTransformSerializationTest" name="test_named_migration_fixture_matrix" time="0.003" /><testcase classname="tests.test_text_transform_serialization.TextTransformSerializationTest" name="test_non_neutral_empty_v0_requires_exact_effective_signature" time="0.002" /><testcase classname="tests.test_text_transform_serialization.TextTransformSerializationTest" name="test_nonnumeric_and_nonfinite_transform_values_are_rejected" time="0.003" /><testcase classname="tests.test_text_transform_serialization.TextTransformSerializationTest" name="test_nonnumeric_and_nonfinite_versions_are_rejected" time="0.001" /><testcase classname="tests.test_text_transform_serialization.TextTransformSerializationTest" name="test_old_upstream_payload_gets_neutral_defaults_without_html_changes" time="0.001" /><testcase classname="tests.test_text_transform_serialization.TextTransformSerializationTest" name="test_project_encoder_load_and_repeated_save_shape_are_canonical" time="0.001" /><testcase classname="tests.test_text_transform_serialization.TextTransformSerializationTest" name="test_stale_overlapping_and_invalid_empty_v0_metadata_are_rejected" time="0.003" /><testcase classname="tests.test_text_transform_serialization.TextTransformSerializationTest" name="test_textblock_deepcopy_keeps_one_independent_canonical_owner" time="0.001" /><testcase classname="tests.test_text_transform_shape_control.TextTransformShapeControlTests" name="test_corner_resize_keeps_opposite_scene_anchor_and_document" time="0.003" /><testcase classname="tests.test_text_transform_shape_control.TextTransformShapeControlTests" name="test_edge_resize_keeps_opposite_midpoint_fixed" time="0.002" /><testcase classname="tests.test_text_transform_shape_control.TextTransformShapeControlTests" name="test_exact_polygon_and_eight_device_stable_handles" time="0.003" /><testcase classname="tests.test_text_transform_shape_control.TextTransformShapeControlTests" name="test_legacy_move_and_rotation_refresh_calls_rebuild_polygon" time="0.002" /><testcase classname="tests.test_text_transform_shape_control.TextTransformShapeControlTests" name="test_live_rotation_preview_restores_canonical_angle" time="0.002" /><testcase classname="tests.test_text_transform_shape_control.TextTransformShapeControlTests" name="test_reshape_command_refreshes_exact_polygon_on_undo_and_redo" time="0.003" /><testcase classname="tests.test_text_transform_ui.CommittedTransformControlTest" name="test_angle_uses_degree_format_and_finite_range" time="0.001" /><testcase classname="tests.test_text_transform_ui.CommittedTransformControlTest" name="test_drag_many_previews_has_one_release_and_zero_or_escape_cancels" time="0.001" /><testcase classname="tests.test_text_transform_ui.CommittedTransformControlTest" name="test_enter_and_focus_out_each_commit_once" time="0.008" /><testcase classname="tests.test_text_transform_ui.CommittedTransformControlTest" name="test_percentage_display_and_all_accepted_inputs" time="0.001" /><testcase classname="tests.test_text_transform_ui.CommittedTransformControlTest" name="test_typing_is_pending_escape_reverts_and_invalid_focus_out_does_not_commit" time="0.001" /><testcase classname="tests.test_text_transform_ui.TextAdvancedFormatPanelTransformTest" name="test_mixed_selection_and_precise_refresh_are_model_views_only" time="0.005" /><testcase classname="tests.test_text_transform_ui.TextAdvancedFormatPanelTransformTest" name="test_selection_boundary_commits_pending_value_before_refresh" time="0.005" /><testcase classname="tests.test_text_transform_undo.SetTextTransformCommandTest" name="test_create_returns_none_when_normalized_values_match" time="0.001" /><testcase classname="tests.test_text_transform_undo.SetTextTransformCommandTest" name="test_multi_item_command_is_atomic_and_restores_only_transforms" time="0.001" /><testcase classname="tests.test_text_transform_undo.SetTextTransformCommandTest" name="test_normalized_noop_never_enters_stack_or_calls_item" time="0.001" /><testcase classname="tests.test_text_transform_undo.SetTextTransformCommandTest" name="test_rejects_mismatched_per_item_state" time="0.001" /><testcase classname="tests.test_text_transform_undo.SetTextTransformCommandTest" name="test_undo_then_new_transform_clears_redo_branch" time="0.001" /><testcase classname="tests.test_text_transform_undo.Utf16CodeUnitLengthTest" name="test_supplementary_characters_use_two_qt_positions" time="0.001" /><testcase classname="tests.test_text_transform_undo.ApplyFontformatCommandTest" name="test_compound_format_is_one_deterministic_command" time="0.164" /><testcase classname="tests.test_text_transform_undo.ApplyFontformatCommandTest" name="test_empty_documents_restore_exact_cursor_and_block_formats" time="0.036" /><testcase classname="tests.test_text_transform_undo.ApplyFontformatCommandTest" name="test_identical_gradient_target_is_noop_after_first_apply" time="0.015" /><testcase classname="tests.test_text_transform_undo.ApplyFontformatCommandTest" name="test_multi_item_whole_format_uses_one_stack_entry" time="0.026" /><testcase classname="tests.test_text_transform_undo.ApplyFontformatCommandTest" name="test_prior_text_edit_survives_whole_format_undo_redo_chain" time="0.077" /><testcase classname="tests.test_text_transform_undo.ApplyFontformatCommandTest" name="test_stale_empty_block_spacing_is_not_misclassified_as_noop" time="0.019" /><testcase classname="tests.test_text_transform_undo.ApplyFontformatCommandTest" name="test_stale_uniform_spacing_is_applied_then_becomes_noop" time="0.009" /><testcase classname="tests.test_text_transform_undo.ApplyFontformatCommandTest" name="test_uniform_noop_is_removed_from_undo_stack" time="0.007" /><testcase classname="tests.test_torch_install_helper.TorchInstallHelperTests" name="test_auto_detection_caches_preferred_device" time="0.001" /><testcase classname="tests.test_torch_install_helper.TorchInstallHelperTests" name="test_forced_cpu_keeps_plain_torch_install" time="0.001" /><testcase classname="tests.test_torch_install_helper.TorchInstallHelperTests" name="test_forced_cuda_uses_default_cuda_profile_without_probe_result" time="0.001" /><testcase classname="tests.test_torch_install_helper.TorchInstallHelperTests" name="test_forced_cuda_version_selects_matching_profile" time="0.001" /><testcase classname="tests.test_torch_install_helper.TorchInstallHelperTests" name="test_forced_xpu_uses_xpu_profile_without_probe_result" time="0.001" /><testcase classname="tests.test_torch_install_helper.TorchInstallHelperTests" name="test_nvidia_profile_takes_priority_over_xpu_profile" time="0.001" /><testcase classname="tests.test_torch_install_helper.TorchInstallHelperTests" name="test_package_manager_auto_uses_bundled_uv_for_non_torch_split" time="0.010" /><testcase classname="tests.test_torch_install_helper.TorchInstallHelperTests" name="test_package_manager_builds_split_xpu_install_commands" time="0.007" /><testcase classname="tests.test_torch_install_helper.TorchInstallHelperTests" name="test_package_manager_forced_cpu_builds_plain_install_command" time="0.007" /><testcase classname="tests.test_torch_install_helper.TorchInstallHelperTests" name="test_package_manager_forced_cuda_12_caps_onnxruntime_gpu" time="0.007" /><testcase classname="tests.test_torch_install_helper.TorchInstallHelperTests" name="test_package_manager_forced_cuda_version_builds_matching_command" time="0.007" /><testcase classname="tests.test_torch_install_helper.TorchInstallHelperTests" name="test_package_manager_rejects_versioned_onnxruntime_gpu_dependency" time="0.001" /><testcase classname="tests.test_torch_install_helper.TorchInstallHelperTests" name="test_package_manager_reports_original_onnxruntime_requirement_as_missing" time="0.001" /><testcase classname="tests.test_torch_install_helper.TorchInstallHelperTests" name="test_parse_xpu_smi_discovery_json" time="0.001" /><testcase classname="tests.test_torch_install_helper.TorchInstallHelperTests" name="test_parse_xpu_smi_discovery_text" time="0.001" /><testcase classname="tests.test_torch_install_helper.TorchInstallHelperTests" name="test_pinned_torch_requirement_does_not_route_to_xpu_index" time="0.001" /><testcase classname="tests.test_torch_install_helper.TorchInstallHelperTests" name="test_plain_unpinned_torch_requirement_detection" time="0.001" /><testcase classname="tests.test_torch_install_helper.TorchInstallHelperTests" name="test_xpu_discovery_routes_plain_torch_to_xpu_index" time="0.001" /><testcase classname="tests.test_torch_install_helper.TorchInstallHelperTests" name="test_xpu_profile_uses_official_index_with_aliyun_pypi_mirror" time="0.001" /><testcase classname="tests.test_update_dialog.UpdateReleaseDialogTests" name="test_dialog_uses_linked_version_and_markdown_notes" time="0.005" /><testcase classname="tests.test_update_dialog.UpdateReleaseDialogTests" name="test_formats_unordered_list_spacing" time="0.001" /><testcase classname="tests.test_update_dialog.UpdateReleaseDialogTests" name="test_localized_sections_are_boundaries_at_different_heading_levels" time="0.000" /><testcase classname="tests.test_update_dialog.UpdateReleaseDialogTests" name="test_preview_dialog_has_only_a_safe_close_action" time="0.001" /><testcase classname="tests.test_update_dialog.UpdateReleaseDialogTests" name="test_release_section_fallbacks_handle_missing_or_empty_content" time="0.000" /><testcase classname="tests.test_update_dialog.UpdateReleaseDialogTests" name="test_selects_localized_section_and_removes_headings" time="0.000" /><testcase classname="tests.test_update_dialog.UpdateReleaseDialogTests" name="test_strips_images_without_removing_release_markdown" time="0.001" /><testcase classname="tests.test_updater.UpdaterTests" name="test_apply_update_creates_backup_before_other_actions" time="0.003" /><testcase classname="tests.test_updater.UpdaterTests" name="test_backup_failure_stops_update_before_download" time="0.002" /><testcase classname="tests.test_updater.UpdaterTests" name="test_backup_source_replaces_last_version_snapshot" time="0.074" /><testcase classname="tests.test_updater.UpdaterTests" name="test_cached_release_preview_does_not_query_github" time="0.008" /><testcase classname="tests.test_updater.UpdaterTests" name="test_check_latest_release_does_not_apply_update" time="0.006" /><testcase classname="tests.test_updater.UpdaterTests" name="test_install_source_zip_deletes_removed_managed_directory_only" time="0.101" /><testcase classname="tests.test_updater.UpdaterTests" name="test_install_source_zip_ignores_cleanup_failure" time="0.108" /><testcase classname="tests.test_updater.UpdaterTests" name="test_install_source_zip_removes_downloaded_source_files" time="0.115" /><testcase classname="tests.test_updater.UpdaterTests" name="test_managed_payload_includes_builtin_profiles_and_launchers" time="0.001" /><testcase classname="tests.test_updater.UpdaterTests" name="test_pyproject_version_reader" time="0.004" /><testcase classname="tests.test_updater.UpdaterTests" name="test_release_payload_requires_source_zip" time="0.001" /><testcase classname="tests.test_updater.UpdaterTests" name="test_release_version_comparison_strips_tag_prefix" time="0.001" /><testcase classname="tests.test_updater.UpdaterTests" name="test_successful_github_query_caches_raw_response" time="0.007" /><testcase classname="tests.test_vertical_text_stroke.VerticalTextStrokeTests" name="test_mixed_rich_fragments_use_their_own_selection_and_stroke_width" time="0.024" /><testcase classname="tests.test_vertical_text_stroke.VerticalTextStrokeTests" name="test_normal_vertical_fill_restores_rich_fragment_interiors" time="0.028" /><testcase classname="tests.test_vertical_text_stroke.VerticalTextStrokeTests" name="test_qt_grapheme_boundaries_cover_keycap_enclosing_and_zwj" time="0.005" /><testcase classname="tests.test_vertical_text_stroke.VerticalTextStrokeTests" name="test_utf16_lines_for_emoji_variation_selector_and_combining_mark" time="0.012" /><testcase classname="tests.test_vertical_text_stroke.VerticalTextStrokeTests" name="test_vertical_hit_test_never_returns_inside_a_grapheme" time="0.007" /><testcase classname="tests.test_vertical_text_stroke.VerticalTextStrokeTests" name="test_vertical_stroke_mask_excludes_underline_decoration" time="0.032" /></testsuite></testsuites>